Determining if the pthread_create exist failed with the following output:
Change Dir: /home/wsj/workspace/vector_ap/DATA/BSW/communicationmiddlleware/build/CMakeFiles/CMakeTmp

Run Build Command:"/usr/bin/make" "cmTC_237cd/fast"
/usr/bin/make -f CMakeFiles/cmTC_237cd.dir/build.make CMakeFiles/cmTC_237cd.dir/build
make[1]: Entering directory '/home/wsj/workspace/vector_ap/DATA/BSW/communicationmiddlleware/build/CMakeFiles/CMakeTmp'
Building CXX object CMakeFiles/cmTC_237cd.dir/CheckSymbolExists.cxx.o
/usr/bin/c++     -Wall -Wextra -Wnon-virtual-dtor -Wconversion -Wshadow -pedantic -Werror    -o CMakeFiles/cmTC_237cd.dir/CheckSymbolExists.cxx.o -c /home/wsj/workspace/vector_ap/DATA/BSW/communicationmiddlleware/build/CMakeFiles/CMakeTmp/CheckSymbolExists.cxx
Linking CXX executable cmTC_237cd
/usr/bin/cmake -E cmake_link_script CMakeFiles/cmTC_237cd.dir/link.txt --verbose=1
/usr/bin/c++     -Wall -Wextra -Wnon-virtual-dtor -Wconversion -Wshadow -pedantic -Werror     CMakeFiles/cmTC_237cd.dir/CheckSymbolExists.cxx.o  -o cmTC_237cd 
CMakeFiles/cmTC_237cd.dir/CheckSymbolExists.cxx.o: In function `main':
CheckSymbolExists.cxx:(.text+0x16): undefined reference to `pthread_create'
collect2: error: ld returned 1 exit status
CMakeFiles/cmTC_237cd.dir/build.make:97: recipe for target 'cmTC_237cd' failed
make[1]: *** [cmTC_237cd] Error 1
make[1]: Leaving directory '/home/wsj/workspace/vector_ap/DATA/BSW/communicationmiddlleware/build/CMakeFiles/CMakeTmp'
Makefile:126: recipe for target 'cmTC_237cd/fast' failed
make: *** [cmTC_237cd/fast] Error 2

File /home/wsj/workspace/vector_ap/DATA/BSW/communicationmiddlleware/build/CMakeFiles/CMakeTmp/CheckSymbolExists.cxx:
/* */
#include <pthread.h>

int main(int argc, char** argv)
{
  (void)argv;
#ifndef pthread_create
  return ((int*)(&pthread_create))[argc];
#else
  (void)argc;
  return 0;
#endif
}

Determining if the function pthread_create exists in the pthreads failed with the following output:
Change Dir: /home/wsj/workspace/vector_ap/DATA/BSW/communicationmiddlleware/build/CMakeFiles/CMakeTmp

Run Build Command:"/usr/bin/make" "cmTC_786e8/fast"
/usr/bin/make -f CMakeFiles/cmTC_786e8.dir/build.make CMakeFiles/cmTC_786e8.dir/build
make[1]: Entering directory '/home/wsj/workspace/vector_ap/DATA/BSW/communicationmiddlleware/build/CMakeFiles/CMakeTmp'
Building CXX object CMakeFiles/cmTC_786e8.dir/CheckFunctionExists.cxx.o
/usr/bin/c++     -Wall -Wextra -Wnon-virtual-dtor -Wconversion -Wshadow -pedantic -Werror -DCHECK_FUNCTION_EXISTS=pthread_create   -o CMakeFiles/cmTC_786e8.dir/CheckFunctionExists.cxx.o -c /home/wsj/workspace/vector_ap/DATA/BSW/communicationmiddlleware/build/CMakeFiles/CheckLibraryExists/CheckFunctionExists.cxx
Linking CXX executable cmTC_786e8
/usr/bin/cmake -E cmake_link_script CMakeFiles/cmTC_786e8.dir/link.txt --verbose=1
/usr/bin/c++     -Wall -Wextra -Wnon-virtual-dtor -Wconversion -Wshadow -pedantic -Werror -DCHECK_FUNCTION_EXISTS=pthread_create    CMakeFiles/cmTC_786e8.dir/CheckFunctionExists.cxx.o  -o cmTC_786e8 -lpthreads 
/usr/bin/ld: cannot find -lpthreads
collect2: error: ld returned 1 exit status
CMakeFiles/cmTC_786e8.dir/build.make:97: recipe for target 'cmTC_786e8' failed
make[1]: *** [cmTC_786e8] Error 1
make[1]: Leaving directory '/home/wsj/workspace/vector_ap/DATA/BSW/communicationmiddlleware/build/CMakeFiles/CMakeTmp'
Makefile:126: recipe for target 'cmTC_786e8/fast' failed
make: *** [cmTC_786e8/fast] Error 2


