Determining if the pthread_create exist failed with the following output:
Change Dir: /home/njl/AP/BSW/amsr-vector-fs-em-executionmanager/addon/amsr-vector-fs-em-executionmanager-demo-application/build/CMakeFiles/CMakeTmp

Run Build Command:"/usr/bin/make" "cmTC_01204/fast"
/usr/bin/make -f CMakeFiles/cmTC_01204.dir/build.make CMakeFiles/cmTC_01204.dir/build
make[1]: Entering directory '/home/njl/AP/BSW/amsr-vector-fs-em-executionmanager/addon/amsr-vector-fs-em-executionmanager-demo-application/build/CMakeFiles/CMakeTmp'
Building C object CMakeFiles/cmTC_01204.dir/CheckSymbolExists.c.o
/usr/bin/cc    -o CMakeFiles/cmTC_01204.dir/CheckSymbolExists.c.o   -c /home/njl/AP/BSW/amsr-vector-fs-em-executionmanager/addon/amsr-vector-fs-em-executionmanager-demo-application/build/CMakeFiles/CMakeTmp/CheckSymbolExists.c
Linking C executable cmTC_01204
/usr/bin/cmake -E cmake_link_script CMakeFiles/cmTC_01204.dir/link.txt --verbose=1
/usr/bin/cc      -rdynamic CMakeFiles/cmTC_01204.dir/CheckSymbolExists.c.o  -o cmTC_01204 
CMakeFiles/cmTC_01204.dir/CheckSymbolExists.c.o: In function `main':
CheckSymbolExists.c:(.text+0x1b): undefined reference to `pthread_create'
collect2: error: ld returned 1 exit status
CMakeFiles/cmTC_01204.dir/build.make:97: recipe for target 'cmTC_01204' failed
make[1]: *** [cmTC_01204] Error 1
make[1]: Leaving directory '/home/njl/AP/BSW/amsr-vector-fs-em-executionmanager/addon/amsr-vector-fs-em-executionmanager-demo-application/build/CMakeFiles/CMakeTmp'
Makefile:126: recipe for target 'cmTC_01204/fast' failed
make: *** [cmTC_01204/fast] Error 2

File /home/njl/AP/BSW/amsr-vector-fs-em-executionmanager/addon/amsr-vector-fs-em-executionmanager-demo-application/build/CMakeFiles/CMakeTmp/CheckSymbolExists.c:
/* */
#include <pthread.h>

int main(int argc, char** argv)
{
  (void)argv;
#ifndef pthread_create
  return ((int*)(&pthread_create))[argc];
#else
  (void)argc;
  return 0;
#endif
}

Determining if the function pthread_create exists in the pthreads failed with the following output:
Change Dir: /home/njl/AP/BSW/amsr-vector-fs-em-executionmanager/addon/amsr-vector-fs-em-executionmanager-demo-application/build/CMakeFiles/CMakeTmp

Run Build Command:"/usr/bin/make" "cmTC_501b9/fast"
/usr/bin/make -f CMakeFiles/cmTC_501b9.dir/build.make CMakeFiles/cmTC_501b9.dir/build
make[1]: Entering directory '/home/njl/AP/BSW/amsr-vector-fs-em-executionmanager/addon/amsr-vector-fs-em-executionmanager-demo-application/build/CMakeFiles/CMakeTmp'
Building C object CMakeFiles/cmTC_501b9.dir/CheckFunctionExists.c.o
/usr/bin/cc   -DCHECK_FUNCTION_EXISTS=pthread_create   -o CMakeFiles/cmTC_501b9.dir/CheckFunctionExists.c.o   -c /usr/share/cmake-3.10/Modules/CheckFunctionExists.c
Linking C executable cmTC_501b9
/usr/bin/cmake -E cmake_link_script CMakeFiles/cmTC_501b9.dir/link.txt --verbose=1
/usr/bin/cc  -DCHECK_FUNCTION_EXISTS=pthread_create    -rdynamic CMakeFiles/cmTC_501b9.dir/CheckFunctionExists.c.o  -o cmTC_501b9 -lpthreads 
/usr/bin/ld: cannot find -lpthreads
collect2: error: ld returned 1 exit status
CMakeFiles/cmTC_501b9.dir/build.make:97: recipe for target 'cmTC_501b9' failed
make[1]: *** [cmTC_501b9] Error 1
make[1]: Leaving directory '/home/njl/AP/BSW/amsr-vector-fs-em-executionmanager/addon/amsr-vector-fs-em-executionmanager-demo-application/build/CMakeFiles/CMakeTmp'
Makefile:126: recipe for target 'cmTC_501b9/fast' failed
make: *** [cmTC_501b9/fast] Error 2


