The system is: Linux - 4.4.0-116-generic - x86_64
Compiling the CXX compiler identification source file "CMakeCXXCompilerId.cpp" succeeded.
Compiler: /home/user/AdaptiveEvalbundle/Applications/Vector-qemux86-sdk/tmp/sysroots/x86_64-linux/usr/bin/i586-poky-linux/i586-poky-linux-g++ -m32;-march=i586;--sysroot=/home/user/AdaptiveEvalbundle/Applications/Vector-qemux86-sdk/tmp/sysroots/qemux86
Build flags: ;-O2;-pipe;-g;-feliminate-unused-debug-types;
Id flags: 

The output was:
0


Compilation of the CXX compiler identification source "CMakeCXXCompilerId.cpp" produced "a.out"

The CXX compiler identification is GNU, found in "/home/user/AdaptiveEvalbundle/BSW/libper/CMakeFiles/3.4.3/CompilerIdCXX/a.out"

Determining if the CXX compiler works passed with the following output:
Change Dir: /home/user/AdaptiveEvalbundle/BSW/libper/CMakeFiles/CMakeTmp

Run Build Command:"/usr/bin/make" "cmTC_15e6c/fast"
/usr/bin/make -f CMakeFiles/cmTC_15e6c.dir/build.make CMakeFiles/cmTC_15e6c.dir/build
make[1]: Entering directory '/home/user/AdaptiveEvalbundle/BSW/libper/CMakeFiles/CMakeTmp'
Building CXX object CMakeFiles/cmTC_15e6c.dir/testCXXCompiler.cxx.o
/home/user/AdaptiveEvalbundle/Applications/Vector-qemux86-sdk/tmp/sysroots/x86_64-linux/usr/bin/i586-poky-linux/i586-poky-linux-g++   -m32 -march=i586 --sysroot=/home/user/AdaptiveEvalbundle/Applications/Vector-qemux86-sdk/tmp/sysroots/qemux86    -O2 -pipe -g -feliminate-unused-debug-types      -o CMakeFiles/cmTC_15e6c.dir/testCXXCompiler.cxx.o -c /home/user/AdaptiveEvalbundle/BSW/libper/CMakeFiles/CMakeTmp/testCXXCompiler.cxx
Linking CXX executable cmTC_15e6c
/home/user/AdaptiveEvalbundle/Applications/Vector-qemux86-sdk/tmp/sysroots/x86_64-linux/usr/bin/cmake -E cmake_link_script CMakeFiles/cmTC_15e6c.dir/link.txt --verbose=1
/home/user/AdaptiveEvalbundle/Applications/Vector-qemux86-sdk/tmp/sysroots/x86_64-linux/usr/bin/i586-poky-linux/i586-poky-linux-g++   -m32 -march=i586 --sysroot=/home/user/AdaptiveEvalbundle/Applications/Vector-qemux86-sdk/tmp/sysroots/qemux86   -O2 -pipe -g -feliminate-unused-debug-types      -Wl,-O1 -Wl,--hash-style=gnu -Wl,--as-needed  CMakeFiles/cmTC_15e6c.dir/testCXXCompiler.cxx.o  -o cmTC_15e6c 
make[1]: Leaving directory '/home/user/AdaptiveEvalbundle/BSW/libper/CMakeFiles/CMakeTmp'


Detecting CXX compiler ABI info compiled with the following output:
Change Dir: /home/user/AdaptiveEvalbundle/BSW/libper/CMakeFiles/CMakeTmp

Run Build Command:"/usr/bin/make" "cmTC_645d4/fast"
/usr/bin/make -f CMakeFiles/cmTC_645d4.dir/build.make CMakeFiles/cmTC_645d4.dir/build
make[1]: Entering directory '/home/user/AdaptiveEvalbundle/BSW/libper/CMakeFiles/CMakeTmp'
Building CXX object CMakeFiles/cmTC_645d4.dir/CMakeCXXCompilerABI.cpp.o
/home/user/AdaptiveEvalbundle/Applications/Vector-qemux86-sdk/tmp/sysroots/x86_64-linux/usr/bin/i586-poky-linux/i586-poky-linux-g++   -m32 -march=i586 --sysroot=/home/user/AdaptiveEvalbundle/Applications/Vector-qemux86-sdk/tmp/sysroots/qemux86    -O2 -pipe -g -feliminate-unused-debug-types      -o CMakeFiles/cmTC_645d4.dir/CMakeCXXCompilerABI.cpp.o -c /home/user/AdaptiveEvalbundle/Applications/Vector-qemux86-sdk/tmp/sysroots/x86_64-linux/usr/share/cmake-3.4/Modules/CMakeCXXCompilerABI.cpp
Linking CXX executable cmTC_645d4
/home/user/AdaptiveEvalbundle/Applications/Vector-qemux86-sdk/tmp/sysroots/x86_64-linux/usr/bin/cmake -E cmake_link_script CMakeFiles/cmTC_645d4.dir/link.txt --verbose=1
/home/user/AdaptiveEvalbundle/Applications/Vector-qemux86-sdk/tmp/sysroots/x86_64-linux/usr/bin/i586-poky-linux/i586-poky-linux-g++   -m32 -march=i586 --sysroot=/home/user/AdaptiveEvalbundle/Applications/Vector-qemux86-sdk/tmp/sysroots/qemux86   -O2 -pipe -g -feliminate-unused-debug-types      -Wl,-O1 -Wl,--hash-style=gnu -Wl,--as-needed -v CMakeFiles/cmTC_645d4.dir/CMakeCXXCompilerABI.cpp.o  -o cmTC_645d4  
Using built-in specs.
COLLECT_GCC=/home/user/AdaptiveEvalbundle/Applications/Vector-qemux86-sdk/tmp/sysroots/x86_64-linux/usr/bin/i586-poky-linux/i586-poky-linux-g++
COLLECT_LTO_WRAPPER=/home/user/AdaptiveEvalbundle/Applications/Vector-qemux86-sdk/tmp/sysroots/x86_64-linux/usr/libexec/i586-poky-linux/gcc/i586-poky-linux/5.3.0/lto-wrapper
Target: i586-poky-linux
Configured with: ../../../../../../work-shared/gcc-5.3.0-r0/gcc-5.3.0/configure --build=x86_64-linux --host=x86_64-linux --target=i586-poky-linux --prefix=/home/user/AdaptiveEvalbundle/Applications/Vector-qemux86-sdk/tmp/sysroots/x86_64-linux/usr --exec_prefix=/home/user/AdaptiveEvalbundle/Applications/Vector-qemux86-sdk/tmp/sysroots/x86_64-linux/usr --bindir=/home/user/AdaptiveEvalbundle/Applications/Vector-qemux86-sdk/tmp/sysroots/x86_64-linux/usr/bin/i586-poky-linux --sbindir=/home/user/AdaptiveEvalbundle/Applications/Vector-qemux86-sdk/tmp/sysroots/x86_64-linux/usr/bin/i586-poky-linux --libexecdir=/home/user/AdaptiveEvalbundle/Applications/Vector-qemux86-sdk/tmp/sysroots/x86_64-linux/usr/libexec/i586-poky-linux --datadir=/home/user/AdaptiveEvalbundle/Applications/Vector-qemux86-sdk/tmp/sysroots/x86_64-linux/usr/share --sysconfdir=/home/user/AdaptiveEvalbundle/Applications/Vector-qemux86-sdk/tmp/sysroots/x86_64-linux/etc --sharedstatedir=/home/user/AdaptiveEvalbundle/Applications/Vector-qemux86-sdk/tmp/sysroots/x86_64-linux/com --localstatedir=/home/user/AdaptiveEvalbundle/Applications/Vector-qemux86-sdk/tmp/sysroots/x86_64-linux/var --libdir=/home/user/AdaptiveEvalbundle/Applications/Vector-qemux86-sdk/tmp/sysroots/x86_64-linux/usr/lib/i586-poky-linux --includedir=/home/user/AdaptiveEvalbundle/Applications/Vector-qemux86-sdk/tmp/sysroots/x86_64-linux/usr/include --oldincludedir=/home/user/AdaptiveEvalbundle/Applications/Vector-qemux86-sdk/tmp/sysroots/x86_64-linux/usr/include --infodir=/home/user/AdaptiveEvalbundle/Applications/Vector-qemux86-sdk/tmp/sysroots/x86_64-linux/usr/share/info --mandir=/home/user/AdaptiveEvalbundle/Applications/Vector-qemux86-sdk/tmp/sysroots/x86_64-linux/usr/share/man --disable-silent-rules --disable-dependency-tracking --with-libtool-sysroot=/home/user/AdaptiveEvalbundle/Applications/Vector-qemux86-sdk/tmp/sysroots/x86_64-linux --enable-clocale=generic --with-gnu-ld --enable-shared --enable-languages=c,c++ --enable-threads=posix --disable-multilib --enable-c99 --enable-long-long --enable-symvers=gnu --enable-libstdcxx-pch --program-prefix=i586-poky-linux- --without-local-prefix --enable-lto --enable-libssp --enable-libitm --disable-bootstrap --disable-libmudflap --with-system-zlib --with-linker-hash-style=gnu --enable-linker-build-id --with-ppl=no --with-cloog=no --enable-checking=release --enable-cheaders=c_global --without-isl --with-gxx-include-dir=/not/exist/usr/include/c++/5.3.0 --with-sysroot=/not/exist --with-build-sysroot=/home/user/AdaptiveEvalbundle/Applications/Vector-qemux86-sdk/tmp/sysroots/qemux86 --enable-targets=all --enable-poison-system-directories --with-mpfr=/home/user/AdaptiveEvalbundle/Applications/Vector-qemux86-sdk/tmp/sysroots/x86_64-linux/usr --with-system-zlib --disable-static --disable-nls --enable-__cxa_atexit
Thread model: posix
gcc version 5.3.0 (GCC) 
COMPILER_PATH=/home/user/AdaptiveEvalbundle/Applications/Vector-qemux86-sdk/tmp/sysroots/x86_64-linux/usr/libexec/i586-poky-linux/gcc/i586-poky-linux/5.3.0/:/home/user/AdaptiveEvalbundle/Applications/Vector-qemux86-sdk/tmp/sysroots/x86_64-linux/usr/libexec/i586-poky-linux/gcc/i586-poky-linux/5.3.0/:/home/user/AdaptiveEvalbundle/Applications/Vector-qemux86-sdk/tmp/sysroots/x86_64-linux/usr/libexec/i586-poky-linux/gcc/i586-poky-linux/:/home/user/AdaptiveEvalbundle/Applications/Vector-qemux86-sdk/tmp/sysroots/x86_64-linux/usr/lib/i586-poky-linux/gcc/i586-poky-linux/5.3.0/:/home/user/AdaptiveEvalbundle/Applications/Vector-qemux86-sdk/tmp/sysroots/x86_64-linux/usr/lib/i586-poky-linux/gcc/i586-poky-linux/
LIBRARY_PATH=/home/user/AdaptiveEvalbundle/Applications/Vector-qemux86-sdk/tmp/sysroots/x86_64-linux/usr/lib/i586-poky-linux/gcc/i586-poky-linux/5.3.0/:/home/user/AdaptiveEvalbundle/Applications/Vector-qemux86-sdk/tmp/sysroots/qemux86/lib/../lib/:/home/user/AdaptiveEvalbundle/Applications/Vector-qemux86-sdk/tmp/sysroots/qemux86/usr/lib/../lib/i586-poky-linux/5.3.0/:/home/user/AdaptiveEvalbundle/Applications/Vector-qemux86-sdk/tmp/sysroots/qemux86/usr/lib/i586-poky-linux/5.3.0/:/home/user/AdaptiveEvalbundle/Applications/Vector-qemux86-sdk/tmp/sysroots/qemux86/usr/lib/../lib/:/home/user/AdaptiveEvalbundle/Applications/Vector-qemux86-sdk/tmp/sysroots/qemux86/lib/:/home/user/AdaptiveEvalbundle/Applications/Vector-qemux86-sdk/tmp/sysroots/qemux86/usr/lib/
COLLECT_GCC_OPTIONS='--sysroot=/home/user/AdaptiveEvalbundle/Applications/Vector-qemux86-sdk/tmp/sysroots/qemux86' '-m32' '-march=i586' '-O2' '-pipe' '-g' '-feliminate-unused-debug-types' '-v' '-o' 'cmTC_645d4' '-shared-libgcc'
 /home/user/AdaptiveEvalbundle/Applications/Vector-qemux86-sdk/tmp/sysroots/x86_64-linux/usr/libexec/i586-poky-linux/gcc/i586-poky-linux/5.3.0/collect2 -plugin /home/user/AdaptiveEvalbundle/Applications/Vector-qemux86-sdk/tmp/sysroots/x86_64-linux/usr/libexec/i586-poky-linux/gcc/i586-poky-linux/5.3.0/liblto_plugin.so -plugin-opt=/home/user/AdaptiveEvalbundle/Applications/Vector-qemux86-sdk/tmp/sysroots/x86_64-linux/usr/libexec/i586-poky-linux/gcc/i586-poky-linux/5.3.0/lto-wrapper -plugin-opt=-fresolution=/tmp/ccqSkPtO.res -plugin-opt=-pass-through=-lgcc_s -plugin-opt=-pass-through=-lgcc -plugin-opt=-pass-through=-lc -plugin-opt=-pass-through=-lgcc_s -plugin-opt=-pass-through=-lgcc --sysroot=/home/user/AdaptiveEvalbundle/Applications/Vector-qemux86-sdk/tmp/sysroots/qemux86 --build-id --eh-frame-hdr --hash-style=gnu -m elf_i386 -dynamic-linker /lib/ld-linux.so.2 -o cmTC_645d4 /home/user/AdaptiveEvalbundle/Applications/Vector-qemux86-sdk/tmp/sysroots/qemux86/usr/lib/../lib/crt1.o /home/user/AdaptiveEvalbundle/Applications/Vector-qemux86-sdk/tmp/sysroots/qemux86/usr/lib/../lib/crti.o /home/user/AdaptiveEvalbundle/Applications/Vector-qemux86-sdk/tmp/sysroots/qemux86/usr/lib/../lib/i586-poky-linux/5.3.0/crtbegin.o -L/home/user/AdaptiveEvalbundle/Applications/Vector-qemux86-sdk/tmp/sysroots/x86_64-linux/usr/lib/i586-poky-linux/gcc/i586-poky-linux/5.3.0 -L/home/user/AdaptiveEvalbundle/Applications/Vector-qemux86-sdk/tmp/sysroots/qemux86/lib/../lib -L/home/user/AdaptiveEvalbundle/Applications/Vector-qemux86-sdk/tmp/sysroots/qemux86/usr/lib/../lib/i586-poky-linux/5.3.0 -L/home/user/AdaptiveEvalbundle/Applications/Vector-qemux86-sdk/tmp/sysroots/qemux86/usr/lib/i586-poky-linux/5.3.0 -L/home/user/AdaptiveEvalbundle/Applications/Vector-qemux86-sdk/tmp/sysroots/qemux86/usr/lib/../lib -L/home/user/AdaptiveEvalbundle/Applications/Vector-qemux86-sdk/tmp/sysroots/qemux86/lib -L/home/user/AdaptiveEvalbundle/Applications/Vector-qemux86-sdk/tmp/sysroots/qemux86/usr/lib -O1 --hash-style=gnu --as-needed CMakeFiles/cmTC_645d4.dir/CMakeCXXCompilerABI.cpp.o -lstdc++ -lm -lgcc_s -lgcc -lc -lgcc_s -lgcc /home/user/AdaptiveEvalbundle/Applications/Vector-qemux86-sdk/tmp/sysroots/qemux86/usr/lib/../lib/i586-poky-linux/5.3.0/crtend.o /home/user/AdaptiveEvalbundle/Applications/Vector-qemux86-sdk/tmp/sysroots/qemux86/usr/lib/../lib/crtn.o
make[1]: Leaving directory '/home/user/AdaptiveEvalbundle/BSW/libper/CMakeFiles/CMakeTmp'


Parsed CXX implicit link information from above output:
  link line regex: [^( *|.*[/\])(ld|([^/\]+-)?ld|collect2)[^/\]*( |$)]
  ignore line: [Change Dir: /home/user/AdaptiveEvalbundle/BSW/libper/CMakeFiles/CMakeTmp]
  ignore line: []
  ignore line: [Run Build Command:"/usr/bin/make" "cmTC_645d4/fast"]
  ignore line: [/usr/bin/make -f CMakeFiles/cmTC_645d4.dir/build.make CMakeFiles/cmTC_645d4.dir/build]
  ignore line: [make[1]: Entering directory '/home/user/AdaptiveEvalbundle/BSW/libper/CMakeFiles/CMakeTmp']
  ignore line: [Building CXX object CMakeFiles/cmTC_645d4.dir/CMakeCXXCompilerABI.cpp.o]
  ignore line: [/home/user/AdaptiveEvalbundle/Applications/Vector-qemux86-sdk/tmp/sysroots/x86_64-linux/usr/bin/i586-poky-linux/i586-poky-linux-g++   -m32 -march=i586 --sysroot=/home/user/AdaptiveEvalbundle/Applications/Vector-qemux86-sdk/tmp/sysroots/qemux86    -O2 -pipe -g -feliminate-unused-debug-types      -o CMakeFiles/cmTC_645d4.dir/CMakeCXXCompilerABI.cpp.o -c /home/user/AdaptiveEvalbundle/Applications/Vector-qemux86-sdk/tmp/sysroots/x86_64-linux/usr/share/cmake-3.4/Modules/CMakeCXXCompilerABI.cpp]
  ignore line: [Linking CXX executable cmTC_645d4]
  ignore line: [/home/user/AdaptiveEvalbundle/Applications/Vector-qemux86-sdk/tmp/sysroots/x86_64-linux/usr/bin/cmake -E cmake_link_script CMakeFiles/cmTC_645d4.dir/link.txt --verbose=1]
  ignore line: [/home/user/AdaptiveEvalbundle/Applications/Vector-qemux86-sdk/tmp/sysroots/x86_64-linux/usr/bin/i586-poky-linux/i586-poky-linux-g++   -m32 -march=i586 --sysroot=/home/user/AdaptiveEvalbundle/Applications/Vector-qemux86-sdk/tmp/sysroots/qemux86   -O2 -pipe -g -feliminate-unused-debug-types      -Wl,-O1 -Wl,--hash-style=gnu -Wl,--as-needed -v CMakeFiles/cmTC_645d4.dir/CMakeCXXCompilerABI.cpp.o  -o cmTC_645d4  ]
  ignore line: [Using built-in specs.]
  ignore line: [COLLECT_GCC=/home/user/AdaptiveEvalbundle/Applications/Vector-qemux86-sdk/tmp/sysroots/x86_64-linux/usr/bin/i586-poky-linux/i586-poky-linux-g++]
  ignore line: [COLLECT_LTO_WRAPPER=/home/user/AdaptiveEvalbundle/Applications/Vector-qemux86-sdk/tmp/sysroots/x86_64-linux/usr/libexec/i586-poky-linux/gcc/i586-poky-linux/5.3.0/lto-wrapper]
  ignore line: [Target: i586-poky-linux]
  ignore line: [Configured with: ../../../../../../work-shared/gcc-5.3.0-r0/gcc-5.3.0/configure --build=x86_64-linux --host=x86_64-linux --target=i586-poky-linux --prefix=/home/user/AdaptiveEvalbundle/Applications/Vector-qemux86-sdk/tmp/sysroots/x86_64-linux/usr --exec_prefix=/home/user/AdaptiveEvalbundle/Applications/Vector-qemux86-sdk/tmp/sysroots/x86_64-linux/usr --bindir=/home/user/AdaptiveEvalbundle/Applications/Vector-qemux86-sdk/tmp/sysroots/x86_64-linux/usr/bin/i586-poky-linux --sbindir=/home/user/AdaptiveEvalbundle/Applications/Vector-qemux86-sdk/tmp/sysroots/x86_64-linux/usr/bin/i586-poky-linux --libexecdir=/home/user/AdaptiveEvalbundle/Applications/Vector-qemux86-sdk/tmp/sysroots/x86_64-linux/usr/libexec/i586-poky-linux --datadir=/home/user/AdaptiveEvalbundle/Applications/Vector-qemux86-sdk/tmp/sysroots/x86_64-linux/usr/share --sysconfdir=/home/user/AdaptiveEvalbundle/Applications/Vector-qemux86-sdk/tmp/sysroots/x86_64-linux/etc --sharedstatedir=/home/user/AdaptiveEvalbundle/Applications/Vector-qemux86-sdk/tmp/sysroots/x86_64-linux/com --localstatedir=/home/user/AdaptiveEvalbundle/Applications/Vector-qemux86-sdk/tmp/sysroots/x86_64-linux/var --libdir=/home/user/AdaptiveEvalbundle/Applications/Vector-qemux86-sdk/tmp/sysroots/x86_64-linux/usr/lib/i586-poky-linux --includedir=/home/user/AdaptiveEvalbundle/Applications/Vector-qemux86-sdk/tmp/sysroots/x86_64-linux/usr/include --oldincludedir=/home/user/AdaptiveEvalbundle/Applications/Vector-qemux86-sdk/tmp/sysroots/x86_64-linux/usr/include --infodir=/home/user/AdaptiveEvalbundle/Applications/Vector-qemux86-sdk/tmp/sysroots/x86_64-linux/usr/share/info --mandir=/home/user/AdaptiveEvalbundle/Applications/Vector-qemux86-sdk/tmp/sysroots/x86_64-linux/usr/share/man --disable-silent-rules --disable-dependency-tracking --with-libtool-sysroot=/home/user/AdaptiveEvalbundle/Applications/Vector-qemux86-sdk/tmp/sysroots/x86_64-linux --enable-clocale=generic --with-gnu-ld --enable-shared --enable-languages=c,c++ --enable-threads=posix --disable-multilib --enable-c99 --enable-long-long --enable-symvers=gnu --enable-libstdcxx-pch --program-prefix=i586-poky-linux- --without-local-prefix --enable-lto --enable-libssp --enable-libitm --disable-bootstrap --disable-libmudflap --with-system-zlib --with-linker-hash-style=gnu --enable-linker-build-id --with-ppl=no --with-cloog=no --enable-checking=release --enable-cheaders=c_global --without-isl --with-gxx-include-dir=/not/exist/usr/include/c++/5.3.0 --with-sysroot=/not/exist --with-build-sysroot=/home/user/AdaptiveEvalbundle/Applications/Vector-qemux86-sdk/tmp/sysroots/qemux86 --enable-targets=all --enable-poison-system-directories --with-mpfr=/home/user/AdaptiveEvalbundle/Applications/Vector-qemux86-sdk/tmp/sysroots/x86_64-linux/usr --with-system-zlib --disable-static --disable-nls --enable-__cxa_atexit]
  ignore line: [Thread model: posix]
  ignore line: [gcc version 5.3.0 (GCC) ]
  ignore line: [COMPILER_PATH=/home/user/AdaptiveEvalbundle/Applications/Vector-qemux86-sdk/tmp/sysroots/x86_64-linux/usr/libexec/i586-poky-linux/gcc/i586-poky-linux/5.3.0/:/home/user/AdaptiveEvalbundle/Applications/Vector-qemux86-sdk/tmp/sysroots/x86_64-linux/usr/libexec/i586-poky-linux/gcc/i586-poky-linux/5.3.0/:/home/user/AdaptiveEvalbundle/Applications/Vector-qemux86-sdk/tmp/sysroots/x86_64-linux/usr/libexec/i586-poky-linux/gcc/i586-poky-linux/:/home/user/AdaptiveEvalbundle/Applications/Vector-qemux86-sdk/tmp/sysroots/x86_64-linux/usr/lib/i586-poky-linux/gcc/i586-poky-linux/5.3.0/:/home/user/AdaptiveEvalbundle/Applications/Vector-qemux86-sdk/tmp/sysroots/x86_64-linux/usr/lib/i586-poky-linux/gcc/i586-poky-linux/]
  ignore line: [LIBRARY_PATH=/home/user/AdaptiveEvalbundle/Applications/Vector-qemux86-sdk/tmp/sysroots/x86_64-linux/usr/lib/i586-poky-linux/gcc/i586-poky-linux/5.3.0/:/home/user/AdaptiveEvalbundle/Applications/Vector-qemux86-sdk/tmp/sysroots/qemux86/lib/../lib/:/home/user/AdaptiveEvalbundle/Applications/Vector-qemux86-sdk/tmp/sysroots/qemux86/usr/lib/../lib/i586-poky-linux/5.3.0/:/home/user/AdaptiveEvalbundle/Applications/Vector-qemux86-sdk/tmp/sysroots/qemux86/usr/lib/i586-poky-linux/5.3.0/:/home/user/AdaptiveEvalbundle/Applications/Vector-qemux86-sdk/tmp/sysroots/qemux86/usr/lib/../lib/:/home/user/AdaptiveEvalbundle/Applications/Vector-qemux86-sdk/tmp/sysroots/qemux86/lib/:/home/user/AdaptiveEvalbundle/Applications/Vector-qemux86-sdk/tmp/sysroots/qemux86/usr/lib/]
  ignore line: [COLLECT_GCC_OPTIONS='--sysroot=/home/user/AdaptiveEvalbundle/Applications/Vector-qemux86-sdk/tmp/sysroots/qemux86' '-m32' '-march=i586' '-O2' '-pipe' '-g' '-feliminate-unused-debug-types' '-v' '-o' 'cmTC_645d4' '-shared-libgcc']
  link line: [ /home/user/AdaptiveEvalbundle/Applications/Vector-qemux86-sdk/tmp/sysroots/x86_64-linux/usr/libexec/i586-poky-linux/gcc/i586-poky-linux/5.3.0/collect2 -plugin /home/user/AdaptiveEvalbundle/Applications/Vector-qemux86-sdk/tmp/sysroots/x86_64-linux/usr/libexec/i586-poky-linux/gcc/i586-poky-linux/5.3.0/liblto_plugin.so -plugin-opt=/home/user/AdaptiveEvalbundle/Applications/Vector-qemux86-sdk/tmp/sysroots/x86_64-linux/usr/libexec/i586-poky-linux/gcc/i586-poky-linux/5.3.0/lto-wrapper -plugin-opt=-fresolution=/tmp/ccqSkPtO.res -plugin-opt=-pass-through=-lgcc_s -plugin-opt=-pass-through=-lgcc -plugin-opt=-pass-through=-lc -plugin-opt=-pass-through=-lgcc_s -plugin-opt=-pass-through=-lgcc --sysroot=/home/user/AdaptiveEvalbundle/Applications/Vector-qemux86-sdk/tmp/sysroots/qemux86 --build-id --eh-frame-hdr --hash-style=gnu -m elf_i386 -dynamic-linker /lib/ld-linux.so.2 -o cmTC_645d4 /home/user/AdaptiveEvalbundle/Applications/Vector-qemux86-sdk/tmp/sysroots/qemux86/usr/lib/../lib/crt1.o /home/user/AdaptiveEvalbundle/Applications/Vector-qemux86-sdk/tmp/sysroots/qemux86/usr/lib/../lib/crti.o /home/user/AdaptiveEvalbundle/Applications/Vector-qemux86-sdk/tmp/sysroots/qemux86/usr/lib/../lib/i586-poky-linux/5.3.0/crtbegin.o -L/home/user/AdaptiveEvalbundle/Applications/Vector-qemux86-sdk/tmp/sysroots/x86_64-linux/usr/lib/i586-poky-linux/gcc/i586-poky-linux/5.3.0 -L/home/user/AdaptiveEvalbundle/Applications/Vector-qemux86-sdk/tmp/sysroots/qemux86/lib/../lib -L/home/user/AdaptiveEvalbundle/Applications/Vector-qemux86-sdk/tmp/sysroots/qemux86/usr/lib/../lib/i586-poky-linux/5.3.0 -L/home/user/AdaptiveEvalbundle/Applications/Vector-qemux86-sdk/tmp/sysroots/qemux86/usr/lib/i586-poky-linux/5.3.0 -L/home/user/AdaptiveEvalbundle/Applications/Vector-qemux86-sdk/tmp/sysroots/qemux86/usr/lib/../lib -L/home/user/AdaptiveEvalbundle/Applications/Vector-qemux86-sdk/tmp/sysroots/qemux86/lib -L/home/user/AdaptiveEvalbundle/Applications/Vector-qemux86-sdk/tmp/sysroots/qemux86/usr/lib -O1 --hash-style=gnu --as-needed CMakeFiles/cmTC_645d4.dir/CMakeCXXCompilerABI.cpp.o -lstdc++ -lm -lgcc_s -lgcc -lc -lgcc_s -lgcc /home/user/AdaptiveEvalbundle/Applications/Vector-qemux86-sdk/tmp/sysroots/qemux86/usr/lib/../lib/i586-poky-linux/5.3.0/crtend.o /home/user/AdaptiveEvalbundle/Applications/Vector-qemux86-sdk/tmp/sysroots/qemux86/usr/lib/../lib/crtn.o]
    arg [/home/user/AdaptiveEvalbundle/Applications/Vector-qemux86-sdk/tmp/sysroots/x86_64-linux/usr/libexec/i586-poky-linux/gcc/i586-poky-linux/5.3.0/collect2] ==> ignore
    arg [-plugin] ==> ignore
    arg [/home/user/AdaptiveEvalbundle/Applications/Vector-qemux86-sdk/tmp/sysroots/x86_64-linux/usr/libexec/i586-poky-linux/gcc/i586-poky-linux/5.3.0/liblto_plugin.so] ==> ignore
    arg [-plugin-opt=/home/user/AdaptiveEvalbundle/Applications/Vector-qemux86-sdk/tmp/sysroots/x86_64-linux/usr/libexec/i586-poky-linux/gcc/i586-poky-linux/5.3.0/lto-wrapper] ==> ignore
    arg [-plugin-opt=-fresolution=/tmp/ccqSkPtO.res] ==> ignore
    arg [-plugin-opt=-pass-through=-lgcc_s] ==> ignore
    arg [-plugin-opt=-pass-through=-lgcc] ==> ignore
    arg [-plugin-opt=-pass-through=-lc] ==> ignore
    arg [-plugin-opt=-pass-through=-lgcc_s] ==> ignore
    arg [-plugin-opt=-pass-through=-lgcc] ==> ignore
    arg [--sysroot=/home/user/AdaptiveEvalbundle/Applications/Vector-qemux86-sdk/tmp/sysroots/qemux86] ==> ignore
    arg [--build-id] ==> ignore
    arg [--eh-frame-hdr] ==> ignore
    arg [--hash-style=gnu] ==> ignore
    arg [-m] ==> ignore
    arg [elf_i386] ==> ignore
    arg [-dynamic-linker] ==> ignore
    arg [/lib/ld-linux.so.2] ==> ignore
    arg [-o] ==> ignore
    arg [cmTC_645d4] ==> ignore
    arg [/home/user/AdaptiveEvalbundle/Applications/Vector-qemux86-sdk/tmp/sysroots/qemux86/usr/lib/../lib/crt1.o] ==> ignore
    arg [/home/user/AdaptiveEvalbundle/Applications/Vector-qemux86-sdk/tmp/sysroots/qemux86/usr/lib/../lib/crti.o] ==> ignore
    arg [/home/user/AdaptiveEvalbundle/Applications/Vector-qemux86-sdk/tmp/sysroots/qemux86/usr/lib/../lib/i586-poky-linux/5.3.0/crtbegin.o] ==> ignore
    arg [-L/home/user/AdaptiveEvalbundle/Applications/Vector-qemux86-sdk/tmp/sysroots/x86_64-linux/usr/lib/i586-poky-linux/gcc/i586-poky-linux/5.3.0] ==> dir [/home/user/AdaptiveEvalbundle/Applications/Vector-qemux86-sdk/tmp/sysroots/x86_64-linux/usr/lib/i586-poky-linux/gcc/i586-poky-linux/5.3.0]
    arg [-L/home/user/AdaptiveEvalbundle/Applications/Vector-qemux86-sdk/tmp/sysroots/qemux86/lib/../lib] ==> dir [/home/user/AdaptiveEvalbundle/Applications/Vector-qemux86-sdk/tmp/sysroots/qemux86/lib/../lib]
    arg [-L/home/user/AdaptiveEvalbundle/Applications/Vector-qemux86-sdk/tmp/sysroots/qemux86/usr/lib/../lib/i586-poky-linux/5.3.0] ==> dir [/home/user/AdaptiveEvalbundle/Applications/Vector-qemux86-sdk/tmp/sysroots/qemux86/usr/lib/../lib/i586-poky-linux/5.3.0]
    arg [-L/home/user/AdaptiveEvalbundle/Applications/Vector-qemux86-sdk/tmp/sysroots/qemux86/usr/lib/i586-poky-linux/5.3.0] ==> dir [/home/user/AdaptiveEvalbundle/Applications/Vector-qemux86-sdk/tmp/sysroots/qemux86/usr/lib/i586-poky-linux/5.3.0]
    arg [-L/home/user/AdaptiveEvalbundle/Applications/Vector-qemux86-sdk/tmp/sysroots/qemux86/usr/lib/../lib] ==> dir [/home/user/AdaptiveEvalbundle/Applications/Vector-qemux86-sdk/tmp/sysroots/qemux86/usr/lib/../lib]
    arg [-L/home/user/AdaptiveEvalbundle/Applications/Vector-qemux86-sdk/tmp/sysroots/qemux86/lib] ==> dir [/home/user/AdaptiveEvalbundle/Applications/Vector-qemux86-sdk/tmp/sysroots/qemux86/lib]
    arg [-L/home/user/AdaptiveEvalbundle/Applications/Vector-qemux86-sdk/tmp/sysroots/qemux86/usr/lib] ==> dir [/home/user/AdaptiveEvalbundle/Applications/Vector-qemux86-sdk/tmp/sysroots/qemux86/usr/lib]
    arg [-O1] ==> ignore
    arg [--hash-style=gnu] ==> ignore
    arg [--as-needed] ==> ignore
    arg [CMakeFiles/cmTC_645d4.dir/CMakeCXXCompilerABI.cpp.o] ==> ignore
    arg [-lstdc++] ==> lib [stdc++]
    arg [-lm] ==> lib [m]
    arg [-lgcc_s] ==> lib [gcc_s]
    arg [-lgcc] ==> lib [gcc]
    arg [-lc] ==> lib [c]
    arg [-lgcc_s] ==> lib [gcc_s]
    arg [-lgcc] ==> lib [gcc]
    arg [/home/user/AdaptiveEvalbundle/Applications/Vector-qemux86-sdk/tmp/sysroots/qemux86/usr/lib/../lib/i586-poky-linux/5.3.0/crtend.o] ==> ignore
    arg [/home/user/AdaptiveEvalbundle/Applications/Vector-qemux86-sdk/tmp/sysroots/qemux86/usr/lib/../lib/crtn.o] ==> ignore
  remove lib [gcc_s]
  remove lib [gcc]
  remove lib [gcc_s]
  remove lib [gcc]
  collapse library dir [/home/user/AdaptiveEvalbundle/Applications/Vector-qemux86-sdk/tmp/sysroots/x86_64-linux/usr/lib/i586-poky-linux/gcc/i586-poky-linux/5.3.0] ==> [/home/user/AdaptiveEvalbundle/Applications/Vector-qemux86-sdk/tmp/sysroots/x86_64-linux/usr/lib/i586-poky-linux/gcc/i586-poky-linux/5.3.0]
  collapse library dir [/home/user/AdaptiveEvalbundle/Applications/Vector-qemux86-sdk/tmp/sysroots/qemux86/lib/../lib] ==> [/home/user/AdaptiveEvalbundle/Applications/Vector-qemux86-sdk/tmp/sysroots/qemux86/lib]
  collapse library dir [/home/user/AdaptiveEvalbundle/Applications/Vector-qemux86-sdk/tmp/sysroots/qemux86/usr/lib/../lib/i586-poky-linux/5.3.0] ==> [/home/user/AdaptiveEvalbundle/Applications/Vector-qemux86-sdk/tmp/sysroots/qemux86/usr/lib/i586-poky-linux/5.3.0]
  collapse library dir [/home/user/AdaptiveEvalbundle/Applications/Vector-qemux86-sdk/tmp/sysroots/qemux86/usr/lib/i586-poky-linux/5.3.0] ==> [/home/user/AdaptiveEvalbundle/Applications/Vector-qemux86-sdk/tmp/sysroots/qemux86/usr/lib/i586-poky-linux/5.3.0]
  collapse library dir [/home/user/AdaptiveEvalbundle/Applications/Vector-qemux86-sdk/tmp/sysroots/qemux86/usr/lib/../lib] ==> [/home/user/AdaptiveEvalbundle/Applications/Vector-qemux86-sdk/tmp/sysroots/qemux86/usr/lib]
  collapse library dir [/home/user/AdaptiveEvalbundle/Applications/Vector-qemux86-sdk/tmp/sysroots/qemux86/lib] ==> [/home/user/AdaptiveEvalbundle/Applications/Vector-qemux86-sdk/tmp/sysroots/qemux86/lib]
  collapse library dir [/home/user/AdaptiveEvalbundle/Applications/Vector-qemux86-sdk/tmp/sysroots/qemux86/usr/lib] ==> [/home/user/AdaptiveEvalbundle/Applications/Vector-qemux86-sdk/tmp/sysroots/qemux86/usr/lib]
  implicit libs: [stdc++;m;c]
  implicit dirs: [/home/user/AdaptiveEvalbundle/Applications/Vector-qemux86-sdk/tmp/sysroots/x86_64-linux/usr/lib/i586-poky-linux/gcc/i586-poky-linux/5.3.0;/home/user/AdaptiveEvalbundle/Applications/Vector-qemux86-sdk/tmp/sysroots/qemux86/lib;/home/user/AdaptiveEvalbundle/Applications/Vector-qemux86-sdk/tmp/sysroots/qemux86/usr/lib/i586-poky-linux/5.3.0;/home/user/AdaptiveEvalbundle/Applications/Vector-qemux86-sdk/tmp/sysroots/qemux86/usr/lib]
  implicit fwks: []




Detecting CXX [-std=c++14] compiler features compiled with the following output:
Change Dir: /home/user/AdaptiveEvalbundle/BSW/libper/CMakeFiles/CMakeTmp

Run Build Command:"/usr/bin/make" "cmTC_9d6f4/fast"
/usr/bin/make -f CMakeFiles/cmTC_9d6f4.dir/build.make CMakeFiles/cmTC_9d6f4.dir/build
make[1]: Entering directory '/home/user/AdaptiveEvalbundle/BSW/libper/CMakeFiles/CMakeTmp'
Building CXX object CMakeFiles/cmTC_9d6f4.dir/feature_tests.cxx.o
/home/user/AdaptiveEvalbundle/Applications/Vector-qemux86-sdk/tmp/sysroots/x86_64-linux/usr/bin/i586-poky-linux/i586-poky-linux-g++   -m32 -march=i586 --sysroot=/home/user/AdaptiveEvalbundle/Applications/Vector-qemux86-sdk/tmp/sysroots/qemux86    -O2 -pipe -g -feliminate-unused-debug-types      -std=c++14 -o CMakeFiles/cmTC_9d6f4.dir/feature_tests.cxx.o -c /home/user/AdaptiveEvalbundle/BSW/libper/CMakeFiles/feature_tests.cxx
Linking CXX executable cmTC_9d6f4
/home/user/AdaptiveEvalbundle/Applications/Vector-qemux86-sdk/tmp/sysroots/x86_64-linux/usr/bin/cmake -E cmake_link_script CMakeFiles/cmTC_9d6f4.dir/link.txt --verbose=1
/home/user/AdaptiveEvalbundle/Applications/Vector-qemux86-sdk/tmp/sysroots/x86_64-linux/usr/bin/i586-poky-linux/i586-poky-linux-g++   -m32 -march=i586 --sysroot=/home/user/AdaptiveEvalbundle/Applications/Vector-qemux86-sdk/tmp/sysroots/qemux86   -O2 -pipe -g -feliminate-unused-debug-types      -Wl,-O1 -Wl,--hash-style=gnu -Wl,--as-needed  CMakeFiles/cmTC_9d6f4.dir/feature_tests.cxx.o  -o cmTC_9d6f4 
make[1]: Leaving directory '/home/user/AdaptiveEvalbundle/BSW/libper/CMakeFiles/CMakeTmp'


    Feature record: CXX_FEATURE:1cxx_aggregate_default_initializers
    Feature record: CXX_FEATURE:1cxx_alias_templates
    Feature record: CXX_FEATURE:1cxx_alignas
    Feature record: CXX_FEATURE:1cxx_alignof
    Feature record: CXX_FEATURE:1cxx_attributes
    Feature record: CXX_FEATURE:1cxx_attribute_deprecated
    Feature record: CXX_FEATURE:1cxx_auto_type
    Feature record: CXX_FEATURE:1cxx_binary_literals
    Feature record: CXX_FEATURE:1cxx_constexpr
    Feature record: CXX_FEATURE:1cxx_contextual_conversions
    Feature record: CXX_FEATURE:1cxx_decltype
    Feature record: CXX_FEATURE:1cxx_decltype_auto
    Feature record: CXX_FEATURE:1cxx_decltype_incomplete_return_types
    Feature record: CXX_FEATURE:1cxx_default_function_template_args
    Feature record: CXX_FEATURE:1cxx_defaulted_functions
    Feature record: CXX_FEATURE:1cxx_defaulted_move_initializers
    Feature record: CXX_FEATURE:1cxx_delegating_constructors
    Feature record: CXX_FEATURE:1cxx_deleted_functions
    Feature record: CXX_FEATURE:1cxx_digit_separators
    Feature record: CXX_FEATURE:1cxx_enum_forward_declarations
    Feature record: CXX_FEATURE:1cxx_explicit_conversions
    Feature record: CXX_FEATURE:1cxx_extended_friend_declarations
    Feature record: CXX_FEATURE:1cxx_extern_templates
    Feature record: CXX_FEATURE:1cxx_final
    Feature record: CXX_FEATURE:1cxx_func_identifier
    Feature record: CXX_FEATURE:1cxx_generalized_initializers
    Feature record: CXX_FEATURE:1cxx_generic_lambdas
    Feature record: CXX_FEATURE:1cxx_inheriting_constructors
    Feature record: CXX_FEATURE:1cxx_inline_namespaces
    Feature record: CXX_FEATURE:1cxx_lambdas
    Feature record: CXX_FEATURE:1cxx_lambda_init_captures
    Feature record: CXX_FEATURE:1cxx_local_type_template_args
    Feature record: CXX_FEATURE:1cxx_long_long_type
    Feature record: CXX_FEATURE:1cxx_noexcept
    Feature record: CXX_FEATURE:1cxx_nonstatic_member_init
    Feature record: CXX_FEATURE:1cxx_nullptr
    Feature record: CXX_FEATURE:1cxx_override
    Feature record: CXX_FEATURE:1cxx_range_for
    Feature record: CXX_FEATURE:1cxx_raw_string_literals
    Feature record: CXX_FEATURE:1cxx_reference_qualified_functions
    Feature record: CXX_FEATURE:1cxx_relaxed_constexpr
    Feature record: CXX_FEATURE:1cxx_return_type_deduction
    Feature record: CXX_FEATURE:1cxx_right_angle_brackets
    Feature record: CXX_FEATURE:1cxx_rvalue_references
    Feature record: CXX_FEATURE:1cxx_sizeof_member
    Feature record: CXX_FEATURE:1cxx_static_assert
    Feature record: CXX_FEATURE:1cxx_strong_enums
    Feature record: CXX_FEATURE:1cxx_template_template_parameters
    Feature record: CXX_FEATURE:1cxx_thread_local
    Feature record: CXX_FEATURE:1cxx_trailing_return_types
    Feature record: CXX_FEATURE:1cxx_unicode_literals
    Feature record: CXX_FEATURE:1cxx_uniform_initialization
    Feature record: CXX_FEATURE:1cxx_unrestricted_unions
    Feature record: CXX_FEATURE:1cxx_user_literals
    Feature record: CXX_FEATURE:1cxx_variable_templates
    Feature record: CXX_FEATURE:1cxx_variadic_macros
    Feature record: CXX_FEATURE:1cxx_variadic_templates


Detecting CXX [-std=c++11] compiler features compiled with the following output:
Change Dir: /home/user/AdaptiveEvalbundle/BSW/libper/CMakeFiles/CMakeTmp

Run Build Command:"/usr/bin/make" "cmTC_ea703/fast"
/usr/bin/make -f CMakeFiles/cmTC_ea703.dir/build.make CMakeFiles/cmTC_ea703.dir/build
make[1]: Entering directory '/home/user/AdaptiveEvalbundle/BSW/libper/CMakeFiles/CMakeTmp'
Building CXX object CMakeFiles/cmTC_ea703.dir/feature_tests.cxx.o
/home/user/AdaptiveEvalbundle/Applications/Vector-qemux86-sdk/tmp/sysroots/x86_64-linux/usr/bin/i586-poky-linux/i586-poky-linux-g++   -m32 -march=i586 --sysroot=/home/user/AdaptiveEvalbundle/Applications/Vector-qemux86-sdk/tmp/sysroots/qemux86    -O2 -pipe -g -feliminate-unused-debug-types      -std=c++11 -o CMakeFiles/cmTC_ea703.dir/feature_tests.cxx.o -c /home/user/AdaptiveEvalbundle/BSW/libper/CMakeFiles/feature_tests.cxx
Linking CXX executable cmTC_ea703
/home/user/AdaptiveEvalbundle/Applications/Vector-qemux86-sdk/tmp/sysroots/x86_64-linux/usr/bin/cmake -E cmake_link_script CMakeFiles/cmTC_ea703.dir/link.txt --verbose=1
/home/user/AdaptiveEvalbundle/Applications/Vector-qemux86-sdk/tmp/sysroots/x86_64-linux/usr/bin/i586-poky-linux/i586-poky-linux-g++   -m32 -march=i586 --sysroot=/home/user/AdaptiveEvalbundle/Applications/Vector-qemux86-sdk/tmp/sysroots/qemux86   -O2 -pipe -g -feliminate-unused-debug-types      -Wl,-O1 -Wl,--hash-style=gnu -Wl,--as-needed  CMakeFiles/cmTC_ea703.dir/feature_tests.cxx.o  -o cmTC_ea703 
make[1]: Leaving directory '/home/user/AdaptiveEvalbundle/BSW/libper/CMakeFiles/CMakeTmp'


    Feature record: CXX_FEATURE:0cxx_aggregate_default_initializers
    Feature record: CXX_FEATURE:1cxx_alias_templates
    Feature record: CXX_FEATURE:1cxx_alignas
    Feature record: CXX_FEATURE:1cxx_alignof
    Feature record: CXX_FEATURE:1cxx_attributes
    Feature record: CXX_FEATURE:0cxx_attribute_deprecated
    Feature record: CXX_FEATURE:1cxx_auto_type
    Feature record: CXX_FEATURE:0cxx_binary_literals
    Feature record: CXX_FEATURE:1cxx_constexpr
    Feature record: CXX_FEATURE:0cxx_contextual_conversions
    Feature record: CXX_FEATURE:1cxx_decltype
    Feature record: CXX_FEATURE:0cxx_decltype_auto
    Feature record: CXX_FEATURE:1cxx_decltype_incomplete_return_types
    Feature record: CXX_FEATURE:1cxx_default_function_template_args
    Feature record: CXX_FEATURE:1cxx_defaulted_functions
    Feature record: CXX_FEATURE:1cxx_defaulted_move_initializers
    Feature record: CXX_FEATURE:1cxx_delegating_constructors
    Feature record: CXX_FEATURE:1cxx_deleted_functions
    Feature record: CXX_FEATURE:0cxx_digit_separators
    Feature record: CXX_FEATURE:1cxx_enum_forward_declarations
    Feature record: CXX_FEATURE:1cxx_explicit_conversions
    Feature record: CXX_FEATURE:1cxx_extended_friend_declarations
    Feature record: CXX_FEATURE:1cxx_extern_templates
    Feature record: CXX_FEATURE:1cxx_final
    Feature record: CXX_FEATURE:1cxx_func_identifier
    Feature record: CXX_FEATURE:1cxx_generalized_initializers
    Feature record: CXX_FEATURE:0cxx_generic_lambdas
    Feature record: CXX_FEATURE:1cxx_inheriting_constructors
    Feature record: CXX_FEATURE:1cxx_inline_namespaces
    Feature record: CXX_FEATURE:1cxx_lambdas
    Feature record: CXX_FEATURE:0cxx_lambda_init_captures
    Feature record: CXX_FEATURE:1cxx_local_type_template_args
    Feature record: CXX_FEATURE:1cxx_long_long_type
    Feature record: CXX_FEATURE:1cxx_noexcept
    Feature record: CXX_FEATURE:1cxx_nonstatic_member_init
    Feature record: CXX_FEATURE:1cxx_nullptr
    Feature record: CXX_FEATURE:1cxx_override
    Feature record: CXX_FEATURE:1cxx_range_for
    Feature record: CXX_FEATURE:1cxx_raw_string_literals
    Feature record: CXX_FEATURE:1cxx_reference_qualified_functions
    Feature record: CXX_FEATURE:0cxx_relaxed_constexpr
    Feature record: CXX_FEATURE:0cxx_return_type_deduction
    Feature record: CXX_FEATURE:1cxx_right_angle_brackets
    Feature record: CXX_FEATURE:1cxx_rvalue_references
    Feature record: CXX_FEATURE:1cxx_sizeof_member
    Feature record: CXX_FEATURE:1cxx_static_assert
    Feature record: CXX_FEATURE:1cxx_strong_enums
    Feature record: CXX_FEATURE:1cxx_template_template_parameters
    Feature record: CXX_FEATURE:1cxx_thread_local
    Feature record: CXX_FEATURE:1cxx_trailing_return_types
    Feature record: CXX_FEATURE:1cxx_unicode_literals
    Feature record: CXX_FEATURE:1cxx_uniform_initialization
    Feature record: CXX_FEATURE:1cxx_unrestricted_unions
    Feature record: CXX_FEATURE:1cxx_user_literals
    Feature record: CXX_FEATURE:0cxx_variable_templates
    Feature record: CXX_FEATURE:1cxx_variadic_macros
    Feature record: CXX_FEATURE:1cxx_variadic_templates


Detecting CXX [-std=c++98] compiler features compiled with the following output:
Change Dir: /home/user/AdaptiveEvalbundle/BSW/libper/CMakeFiles/CMakeTmp

Run Build Command:"/usr/bin/make" "cmTC_fac42/fast"
/usr/bin/make -f CMakeFiles/cmTC_fac42.dir/build.make CMakeFiles/cmTC_fac42.dir/build
make[1]: Entering directory '/home/user/AdaptiveEvalbundle/BSW/libper/CMakeFiles/CMakeTmp'
Building CXX object CMakeFiles/cmTC_fac42.dir/feature_tests.cxx.o
/home/user/AdaptiveEvalbundle/Applications/Vector-qemux86-sdk/tmp/sysroots/x86_64-linux/usr/bin/i586-poky-linux/i586-poky-linux-g++   -m32 -march=i586 --sysroot=/home/user/AdaptiveEvalbundle/Applications/Vector-qemux86-sdk/tmp/sysroots/qemux86    -O2 -pipe -g -feliminate-unused-debug-types      -std=c++98 -o CMakeFiles/cmTC_fac42.dir/feature_tests.cxx.o -c /home/user/AdaptiveEvalbundle/BSW/libper/CMakeFiles/feature_tests.cxx
Linking CXX executable cmTC_fac42
/home/user/AdaptiveEvalbundle/Applications/Vector-qemux86-sdk/tmp/sysroots/x86_64-linux/usr/bin/cmake -E cmake_link_script CMakeFiles/cmTC_fac42.dir/link.txt --verbose=1
/home/user/AdaptiveEvalbundle/Applications/Vector-qemux86-sdk/tmp/sysroots/x86_64-linux/usr/bin/i586-poky-linux/i586-poky-linux-g++   -m32 -march=i586 --sysroot=/home/user/AdaptiveEvalbundle/Applications/Vector-qemux86-sdk/tmp/sysroots/qemux86   -O2 -pipe -g -feliminate-unused-debug-types      -Wl,-O1 -Wl,--hash-style=gnu -Wl,--as-needed  CMakeFiles/cmTC_fac42.dir/feature_tests.cxx.o  -o cmTC_fac42 
make[1]: Leaving directory '/home/user/AdaptiveEvalbundle/BSW/libper/CMakeFiles/CMakeTmp'


    Feature record: CXX_FEATURE:0cxx_aggregate_default_initializers
    Feature record: CXX_FEATURE:0cxx_alias_templates
    Feature record: CXX_FEATURE:0cxx_alignas
    Feature record: CXX_FEATURE:0cxx_alignof
    Feature record: CXX_FEATURE:0cxx_attributes
    Feature record: CXX_FEATURE:0cxx_attribute_deprecated
    Feature record: CXX_FEATURE:0cxx_auto_type
    Feature record: CXX_FEATURE:0cxx_binary_literals
    Feature record: CXX_FEATURE:0cxx_constexpr
    Feature record: CXX_FEATURE:0cxx_contextual_conversions
    Feature record: CXX_FEATURE:0cxx_decltype
    Feature record: CXX_FEATURE:0cxx_decltype_auto
    Feature record: CXX_FEATURE:0cxx_decltype_incomplete_return_types
    Feature record: CXX_FEATURE:0cxx_default_function_template_args
    Feature record: CXX_FEATURE:0cxx_defaulted_functions
    Feature record: CXX_FEATURE:0cxx_defaulted_move_initializers
    Feature record: CXX_FEATURE:0cxx_delegating_constructors
    Feature record: CXX_FEATURE:0cxx_deleted_functions
    Feature record: CXX_FEATURE:0cxx_digit_separators
    Feature record: CXX_FEATURE:0cxx_enum_forward_declarations
    Feature record: CXX_FEATURE:0cxx_explicit_conversions
    Feature record: CXX_FEATURE:0cxx_extended_friend_declarations
    Feature record: CXX_FEATURE:0cxx_extern_templates
    Feature record: CXX_FEATURE:0cxx_final
    Feature record: CXX_FEATURE:0cxx_func_identifier
    Feature record: CXX_FEATURE:0cxx_generalized_initializers
    Feature record: CXX_FEATURE:0cxx_generic_lambdas
    Feature record: CXX_FEATURE:0cxx_inheriting_constructors
    Feature record: CXX_FEATURE:0cxx_inline_namespaces
    Feature record: CXX_FEATURE:0cxx_lambdas
    Feature record: CXX_FEATURE:0cxx_lambda_init_captures
    Feature record: CXX_FEATURE:0cxx_local_type_template_args
    Feature record: CXX_FEATURE:0cxx_long_long_type
    Feature record: CXX_FEATURE:0cxx_noexcept
    Feature record: CXX_FEATURE:0cxx_nonstatic_member_init
    Feature record: CXX_FEATURE:0cxx_nullptr
    Feature record: CXX_FEATURE:0cxx_override
    Feature record: CXX_FEATURE:0cxx_range_for
    Feature record: CXX_FEATURE:0cxx_raw_string_literals
    Feature record: CXX_FEATURE:0cxx_reference_qualified_functions
    Feature record: CXX_FEATURE:0cxx_relaxed_constexpr
    Feature record: CXX_FEATURE:0cxx_return_type_deduction
    Feature record: CXX_FEATURE:0cxx_right_angle_brackets
    Feature record: CXX_FEATURE:0cxx_rvalue_references
    Feature record: CXX_FEATURE:0cxx_sizeof_member
    Feature record: CXX_FEATURE:0cxx_static_assert
    Feature record: CXX_FEATURE:0cxx_strong_enums
    Feature record: CXX_FEATURE:1cxx_template_template_parameters
    Feature record: CXX_FEATURE:0cxx_thread_local
    Feature record: CXX_FEATURE:0cxx_trailing_return_types
    Feature record: CXX_FEATURE:0cxx_unicode_literals
    Feature record: CXX_FEATURE:0cxx_uniform_initialization
    Feature record: CXX_FEATURE:0cxx_unrestricted_unions
    Feature record: CXX_FEATURE:0cxx_user_literals
    Feature record: CXX_FEATURE:0cxx_variable_templates
    Feature record: CXX_FEATURE:0cxx_variadic_macros
    Feature record: CXX_FEATURE:0cxx_variadic_templates
The system is: Linux - 4.4.0-116-generic - x86_64
Compiling the CXX compiler identification source file "CMakeCXXCompilerId.cpp" succeeded.
Compiler: /home/user/AdaptiveEvalbundle/Applications/Vector-qemux86-sdk/tmp/sysroots/x86_64-linux/usr/bin/i586-poky-linux/i586-poky-linux-g++ -m32;-march=i586;--sysroot=/home/user/AdaptiveEvalbundle/Applications/Vector-qemux86-sdk/tmp/sysroots/qemux86
Build flags: ;-O2;-pipe;-g;-feliminate-unused-debug-types;;
Id flags: 

The output was:
0


Compilation of the CXX compiler identification source "CMakeCXXCompilerId.cpp" produced "a.out"

The CXX compiler identification is GNU, found in "/home/user/AdaptiveEvalbundle/BSW/libper/CMakeFiles/3.5.1/CompilerIdCXX/a.out"

Determining if the CXX compiler works passed with the following output:
Change Dir: /home/user/AdaptiveEvalbundle/BSW/libper/CMakeFiles/CMakeTmp

Run Build Command:"/usr/bin/make" "cmTC_0692e/fast"
/usr/bin/make -f CMakeFiles/cmTC_0692e.dir/build.make CMakeFiles/cmTC_0692e.dir/build
make[1]: Entering directory '/home/user/AdaptiveEvalbundle/BSW/libper/CMakeFiles/CMakeTmp'
Building CXX object CMakeFiles/cmTC_0692e.dir/testCXXCompiler.cxx.o
/home/user/AdaptiveEvalbundle/Applications/Vector-qemux86-sdk/tmp/sysroots/x86_64-linux/usr/bin/i586-poky-linux/i586-poky-linux-g++   -m32 -march=i586 --sysroot=/home/user/AdaptiveEvalbundle/Applications/Vector-qemux86-sdk/tmp/sysroots/qemux86    -O2 -pipe -g -feliminate-unused-debug-types      -o CMakeFiles/cmTC_0692e.dir/testCXXCompiler.cxx.o -c /home/user/AdaptiveEvalbundle/BSW/libper/CMakeFiles/CMakeTmp/testCXXCompiler.cxx
Linking CXX executable cmTC_0692e
/usr/bin/cmake -E cmake_link_script CMakeFiles/cmTC_0692e.dir/link.txt --verbose=1
/home/user/AdaptiveEvalbundle/Applications/Vector-qemux86-sdk/tmp/sysroots/x86_64-linux/usr/bin/i586-poky-linux/i586-poky-linux-g++   -m32 -march=i586 --sysroot=/home/user/AdaptiveEvalbundle/Applications/Vector-qemux86-sdk/tmp/sysroots/qemux86   -O2 -pipe -g -feliminate-unused-debug-types      -Wl,-O1 -Wl,--hash-style=gnu -Wl,--as-needed  CMakeFiles/cmTC_0692e.dir/testCXXCompiler.cxx.o  -o cmTC_0692e 
make[1]: Leaving directory '/home/user/AdaptiveEvalbundle/BSW/libper/CMakeFiles/CMakeTmp'


Detecting CXX compiler ABI info compiled with the following output:
Change Dir: /home/user/AdaptiveEvalbundle/BSW/libper/CMakeFiles/CMakeTmp

Run Build Command:"/usr/bin/make" "cmTC_533b6/fast"
/usr/bin/make -f CMakeFiles/cmTC_533b6.dir/build.make CMakeFiles/cmTC_533b6.dir/build
make[1]: Entering directory '/home/user/AdaptiveEvalbundle/BSW/libper/CMakeFiles/CMakeTmp'
Building CXX object CMakeFiles/cmTC_533b6.dir/CMakeCXXCompilerABI.cpp.o
/home/user/AdaptiveEvalbundle/Applications/Vector-qemux86-sdk/tmp/sysroots/x86_64-linux/usr/bin/i586-poky-linux/i586-poky-linux-g++   -m32 -march=i586 --sysroot=/home/user/AdaptiveEvalbundle/Applications/Vector-qemux86-sdk/tmp/sysroots/qemux86    -O2 -pipe -g -feliminate-unused-debug-types      -o CMakeFiles/cmTC_533b6.dir/CMakeCXXCompilerABI.cpp.o -c /usr/share/cmake-3.5/Modules/CMakeCXXCompilerABI.cpp
Linking CXX executable cmTC_533b6
/usr/bin/cmake -E cmake_link_script CMakeFiles/cmTC_533b6.dir/link.txt --verbose=1
/home/user/AdaptiveEvalbundle/Applications/Vector-qemux86-sdk/tmp/sysroots/x86_64-linux/usr/bin/i586-poky-linux/i586-poky-linux-g++   -m32 -march=i586 --sysroot=/home/user/AdaptiveEvalbundle/Applications/Vector-qemux86-sdk/tmp/sysroots/qemux86   -O2 -pipe -g -feliminate-unused-debug-types      -Wl,-O1 -Wl,--hash-style=gnu -Wl,--as-needed -v CMakeFiles/cmTC_533b6.dir/CMakeCXXCompilerABI.cpp.o  -o cmTC_533b6  
Using built-in specs.
COLLECT_GCC=/home/user/AdaptiveEvalbundle/Applications/Vector-qemux86-sdk/tmp/sysroots/x86_64-linux/usr/bin/i586-poky-linux/i586-poky-linux-g++
COLLECT_LTO_WRAPPER=/home/user/AdaptiveEvalbundle/Applications/Vector-qemux86-sdk/tmp/sysroots/x86_64-linux/usr/libexec/i586-poky-linux/gcc/i586-poky-linux/5.3.0/lto-wrapper
Target: i586-poky-linux
Configured with: ../../../../../../work-shared/gcc-5.3.0-r0/gcc-5.3.0/configure --build=x86_64-linux --host=x86_64-linux --target=i586-poky-linux --prefix=/home/user/AdaptiveEvalbundle/Applications/Vector-qemux86-sdk/tmp/sysroots/x86_64-linux/usr --exec_prefix=/home/user/AdaptiveEvalbundle/Applications/Vector-qemux86-sdk/tmp/sysroots/x86_64-linux/usr --bindir=/home/user/AdaptiveEvalbundle/Applications/Vector-qemux86-sdk/tmp/sysroots/x86_64-linux/usr/bin/i586-poky-linux --sbindir=/home/user/AdaptiveEvalbundle/Applications/Vector-qemux86-sdk/tmp/sysroots/x86_64-linux/usr/bin/i586-poky-linux --libexecdir=/home/user/AdaptiveEvalbundle/Applications/Vector-qemux86-sdk/tmp/sysroots/x86_64-linux/usr/libexec/i586-poky-linux --datadir=/home/user/AdaptiveEvalbundle/Applications/Vector-qemux86-sdk/tmp/sysroots/x86_64-linux/usr/share --sysconfdir=/home/user/AdaptiveEvalbundle/Applications/Vector-qemux86-sdk/tmp/sysroots/x86_64-linux/etc --sharedstatedir=/home/user/AdaptiveEvalbundle/Applications/Vector-qemux86-sdk/tmp/sysroots/x86_64-linux/com --localstatedir=/home/user/AdaptiveEvalbundle/Applications/Vector-qemux86-sdk/tmp/sysroots/x86_64-linux/var --libdir=/home/user/AdaptiveEvalbundle/Applications/Vector-qemux86-sdk/tmp/sysroots/x86_64-linux/usr/lib/i586-poky-linux --includedir=/home/user/AdaptiveEvalbundle/Applications/Vector-qemux86-sdk/tmp/sysroots/x86_64-linux/usr/include --oldincludedir=/home/user/AdaptiveEvalbundle/Applications/Vector-qemux86-sdk/tmp/sysroots/x86_64-linux/usr/include --infodir=/home/user/AdaptiveEvalbundle/Applications/Vector-qemux86-sdk/tmp/sysroots/x86_64-linux/usr/share/info --mandir=/home/user/AdaptiveEvalbundle/Applications/Vector-qemux86-sdk/tmp/sysroots/x86_64-linux/usr/share/man --disable-silent-rules --disable-dependency-tracking --with-libtool-sysroot=/home/user/AdaptiveEvalbundle/Applications/Vector-qemux86-sdk/tmp/sysroots/x86_64-linux --enable-clocale=generic --with-gnu-ld --enable-shared --enable-languages=c,c++ --enable-threads=posix --disable-multilib --enable-c99 --enable-long-long --enable-symvers=gnu --enable-libstdcxx-pch --program-prefix=i586-poky-linux- --without-local-prefix --enable-lto --enable-libssp --enable-libitm --disable-bootstrap --disable-libmudflap --with-system-zlib --with-linker-hash-style=gnu --enable-linker-build-id --with-ppl=no --with-cloog=no --enable-checking=release --enable-cheaders=c_global --without-isl --with-gxx-include-dir=/not/exist/usr/include/c++/5.3.0 --with-sysroot=/not/exist --with-build-sysroot=/home/user/AdaptiveEvalbundle/Applications/Vector-qemux86-sdk/tmp/sysroots/qemux86 --enable-targets=all --enable-poison-system-directories --with-mpfr=/home/user/AdaptiveEvalbundle/Applications/Vector-qemux86-sdk/tmp/sysroots/x86_64-linux/usr --with-system-zlib --disable-static --disable-nls --enable-__cxa_atexit
Thread model: posix
gcc version 5.3.0 (GCC) 
COMPILER_PATH=/home/user/AdaptiveEvalbundle/Applications/Vector-qemux86-sdk/tmp/sysroots/x86_64-linux/usr/libexec/i586-poky-linux/gcc/i586-poky-linux/5.3.0/:/home/user/AdaptiveEvalbundle/Applications/Vector-qemux86-sdk/tmp/sysroots/x86_64-linux/usr/libexec/i586-poky-linux/gcc/i586-poky-linux/5.3.0/:/home/user/AdaptiveEvalbundle/Applications/Vector-qemux86-sdk/tmp/sysroots/x86_64-linux/usr/libexec/i586-poky-linux/gcc/i586-poky-linux/:/home/user/AdaptiveEvalbundle/Applications/Vector-qemux86-sdk/tmp/sysroots/x86_64-linux/usr/lib/i586-poky-linux/gcc/i586-poky-linux/5.3.0/:/home/user/AdaptiveEvalbundle/Applications/Vector-qemux86-sdk/tmp/sysroots/x86_64-linux/usr/lib/i586-poky-linux/gcc/i586-poky-linux/
LIBRARY_PATH=/home/user/AdaptiveEvalbundle/Applications/Vector-qemux86-sdk/tmp/sysroots/x86_64-linux/usr/lib/i586-poky-linux/gcc/i586-poky-linux/5.3.0/:/home/user/AdaptiveEvalbundle/Applications/Vector-qemux86-sdk/tmp/sysroots/qemux86/lib/../lib/:/home/user/AdaptiveEvalbundle/Applications/Vector-qemux86-sdk/tmp/sysroots/qemux86/usr/lib/../lib/i586-poky-linux/5.3.0/:/home/user/AdaptiveEvalbundle/Applications/Vector-qemux86-sdk/tmp/sysroots/qemux86/usr/lib/i586-poky-linux/5.3.0/:/home/user/AdaptiveEvalbundle/Applications/Vector-qemux86-sdk/tmp/sysroots/qemux86/usr/lib/../lib/:/home/user/AdaptiveEvalbundle/Applications/Vector-qemux86-sdk/tmp/sysroots/qemux86/lib/:/home/user/AdaptiveEvalbundle/Applications/Vector-qemux86-sdk/tmp/sysroots/qemux86/usr/lib/
COLLECT_GCC_OPTIONS='--sysroot=/home/user/AdaptiveEvalbundle/Applications/Vector-qemux86-sdk/tmp/sysroots/qemux86' '-m32' '-march=i586' '-O2' '-pipe' '-g' '-feliminate-unused-debug-types' '-v' '-o' 'cmTC_533b6' '-shared-libgcc'
 /home/user/AdaptiveEvalbundle/Applications/Vector-qemux86-sdk/tmp/sysroots/x86_64-linux/usr/libexec/i586-poky-linux/gcc/i586-poky-linux/5.3.0/collect2 -plugin /home/user/AdaptiveEvalbundle/Applications/Vector-qemux86-sdk/tmp/sysroots/x86_64-linux/usr/libexec/i586-poky-linux/gcc/i586-poky-linux/5.3.0/liblto_plugin.so -plugin-opt=/home/user/AdaptiveEvalbundle/Applications/Vector-qemux86-sdk/tmp/sysroots/x86_64-linux/usr/libexec/i586-poky-linux/gcc/i586-poky-linux/5.3.0/lto-wrapper -plugin-opt=-fresolution=/tmp/cc86dr4s.res -plugin-opt=-pass-through=-lgcc_s -plugin-opt=-pass-through=-lgcc -plugin-opt=-pass-through=-lc -plugin-opt=-pass-through=-lgcc_s -plugin-opt=-pass-through=-lgcc --sysroot=/home/user/AdaptiveEvalbundle/Applications/Vector-qemux86-sdk/tmp/sysroots/qemux86 --build-id --eh-frame-hdr --hash-style=gnu -m elf_i386 -dynamic-linker /lib/ld-linux.so.2 -o cmTC_533b6 /home/user/AdaptiveEvalbundle/Applications/Vector-qemux86-sdk/tmp/sysroots/qemux86/usr/lib/../lib/crt1.o /home/user/AdaptiveEvalbundle/Applications/Vector-qemux86-sdk/tmp/sysroots/qemux86/usr/lib/../lib/crti.o /home/user/AdaptiveEvalbundle/Applications/Vector-qemux86-sdk/tmp/sysroots/qemux86/usr/lib/../lib/i586-poky-linux/5.3.0/crtbegin.o -L/home/user/AdaptiveEvalbundle/Applications/Vector-qemux86-sdk/tmp/sysroots/x86_64-linux/usr/lib/i586-poky-linux/gcc/i586-poky-linux/5.3.0 -L/home/user/AdaptiveEvalbundle/Applications/Vector-qemux86-sdk/tmp/sysroots/qemux86/lib/../lib -L/home/user/AdaptiveEvalbundle/Applications/Vector-qemux86-sdk/tmp/sysroots/qemux86/usr/lib/../lib/i586-poky-linux/5.3.0 -L/home/user/AdaptiveEvalbundle/Applications/Vector-qemux86-sdk/tmp/sysroots/qemux86/usr/lib/i586-poky-linux/5.3.0 -L/home/user/AdaptiveEvalbundle/Applications/Vector-qemux86-sdk/tmp/sysroots/qemux86/usr/lib/../lib -L/home/user/AdaptiveEvalbundle/Applications/Vector-qemux86-sdk/tmp/sysroots/qemux86/lib -L/home/user/AdaptiveEvalbundle/Applications/Vector-qemux86-sdk/tmp/sysroots/qemux86/usr/lib -O1 --hash-style=gnu --as-needed CMakeFiles/cmTC_533b6.dir/CMakeCXXCompilerABI.cpp.o -lstdc++ -lm -lgcc_s -lgcc -lc -lgcc_s -lgcc /home/user/AdaptiveEvalbundle/Applications/Vector-qemux86-sdk/tmp/sysroots/qemux86/usr/lib/../lib/i586-poky-linux/5.3.0/crtend.o /home/user/AdaptiveEvalbundle/Applications/Vector-qemux86-sdk/tmp/sysroots/qemux86/usr/lib/../lib/crtn.o
make[1]: Leaving directory '/home/user/AdaptiveEvalbundle/BSW/libper/CMakeFiles/CMakeTmp'


Parsed CXX implicit link information from above output:
  link line regex: [^( *|.*[/\])(ld|([^/\]+-)?ld|collect2)[^/\]*( |$)]
  ignore line: [Change Dir: /home/user/AdaptiveEvalbundle/BSW/libper/CMakeFiles/CMakeTmp]
  ignore line: []
  ignore line: [Run Build Command:"/usr/bin/make" "cmTC_533b6/fast"]
  ignore line: [/usr/bin/make -f CMakeFiles/cmTC_533b6.dir/build.make CMakeFiles/cmTC_533b6.dir/build]
  ignore line: [make[1]: Entering directory '/home/user/AdaptiveEvalbundle/BSW/libper/CMakeFiles/CMakeTmp']
  ignore line: [Building CXX object CMakeFiles/cmTC_533b6.dir/CMakeCXXCompilerABI.cpp.o]
  ignore line: [/home/user/AdaptiveEvalbundle/Applications/Vector-qemux86-sdk/tmp/sysroots/x86_64-linux/usr/bin/i586-poky-linux/i586-poky-linux-g++   -m32 -march=i586 --sysroot=/home/user/AdaptiveEvalbundle/Applications/Vector-qemux86-sdk/tmp/sysroots/qemux86    -O2 -pipe -g -feliminate-unused-debug-types      -o CMakeFiles/cmTC_533b6.dir/CMakeCXXCompilerABI.cpp.o -c /usr/share/cmake-3.5/Modules/CMakeCXXCompilerABI.cpp]
  ignore line: [Linking CXX executable cmTC_533b6]
  ignore line: [/usr/bin/cmake -E cmake_link_script CMakeFiles/cmTC_533b6.dir/link.txt --verbose=1]
  ignore line: [/home/user/AdaptiveEvalbundle/Applications/Vector-qemux86-sdk/tmp/sysroots/x86_64-linux/usr/bin/i586-poky-linux/i586-poky-linux-g++   -m32 -march=i586 --sysroot=/home/user/AdaptiveEvalbundle/Applications/Vector-qemux86-sdk/tmp/sysroots/qemux86   -O2 -pipe -g -feliminate-unused-debug-types      -Wl,-O1 -Wl,--hash-style=gnu -Wl,--as-needed -v CMakeFiles/cmTC_533b6.dir/CMakeCXXCompilerABI.cpp.o  -o cmTC_533b6  ]
  ignore line: [Using built-in specs.]
  ignore line: [COLLECT_GCC=/home/user/AdaptiveEvalbundle/Applications/Vector-qemux86-sdk/tmp/sysroots/x86_64-linux/usr/bin/i586-poky-linux/i586-poky-linux-g++]
  ignore line: [COLLECT_LTO_WRAPPER=/home/user/AdaptiveEvalbundle/Applications/Vector-qemux86-sdk/tmp/sysroots/x86_64-linux/usr/libexec/i586-poky-linux/gcc/i586-poky-linux/5.3.0/lto-wrapper]
  ignore line: [Target: i586-poky-linux]
  ignore line: [Configured with: ../../../../../../work-shared/gcc-5.3.0-r0/gcc-5.3.0/configure --build=x86_64-linux --host=x86_64-linux --target=i586-poky-linux --prefix=/home/user/AdaptiveEvalbundle/Applications/Vector-qemux86-sdk/tmp/sysroots/x86_64-linux/usr --exec_prefix=/home/user/AdaptiveEvalbundle/Applications/Vector-qemux86-sdk/tmp/sysroots/x86_64-linux/usr --bindir=/home/user/AdaptiveEvalbundle/Applications/Vector-qemux86-sdk/tmp/sysroots/x86_64-linux/usr/bin/i586-poky-linux --sbindir=/home/user/AdaptiveEvalbundle/Applications/Vector-qemux86-sdk/tmp/sysroots/x86_64-linux/usr/bin/i586-poky-linux --libexecdir=/home/user/AdaptiveEvalbundle/Applications/Vector-qemux86-sdk/tmp/sysroots/x86_64-linux/usr/libexec/i586-poky-linux --datadir=/home/user/AdaptiveEvalbundle/Applications/Vector-qemux86-sdk/tmp/sysroots/x86_64-linux/usr/share --sysconfdir=/home/user/AdaptiveEvalbundle/Applications/Vector-qemux86-sdk/tmp/sysroots/x86_64-linux/etc --sharedstatedir=/home/user/AdaptiveEvalbundle/Applications/Vector-qemux86-sdk/tmp/sysroots/x86_64-linux/com --localstatedir=/home/user/AdaptiveEvalbundle/Applications/Vector-qemux86-sdk/tmp/sysroots/x86_64-linux/var --libdir=/home/user/AdaptiveEvalbundle/Applications/Vector-qemux86-sdk/tmp/sysroots/x86_64-linux/usr/lib/i586-poky-linux --includedir=/home/user/AdaptiveEvalbundle/Applications/Vector-qemux86-sdk/tmp/sysroots/x86_64-linux/usr/include --oldincludedir=/home/user/AdaptiveEvalbundle/Applications/Vector-qemux86-sdk/tmp/sysroots/x86_64-linux/usr/include --infodir=/home/user/AdaptiveEvalbundle/Applications/Vector-qemux86-sdk/tmp/sysroots/x86_64-linux/usr/share/info --mandir=/home/user/AdaptiveEvalbundle/Applications/Vector-qemux86-sdk/tmp/sysroots/x86_64-linux/usr/share/man --disable-silent-rules --disable-dependency-tracking --with-libtool-sysroot=/home/user/AdaptiveEvalbundle/Applications/Vector-qemux86-sdk/tmp/sysroots/x86_64-linux --enable-clocale=generic --with-gnu-ld --enable-shared --enable-languages=c,c++ --enable-threads=posix --disable-multilib --enable-c99 --enable-long-long --enable-symvers=gnu --enable-libstdcxx-pch --program-prefix=i586-poky-linux- --without-local-prefix --enable-lto --enable-libssp --enable-libitm --disable-bootstrap --disable-libmudflap --with-system-zlib --with-linker-hash-style=gnu --enable-linker-build-id --with-ppl=no --with-cloog=no --enable-checking=release --enable-cheaders=c_global --without-isl --with-gxx-include-dir=/not/exist/usr/include/c++/5.3.0 --with-sysroot=/not/exist --with-build-sysroot=/home/user/AdaptiveEvalbundle/Applications/Vector-qemux86-sdk/tmp/sysroots/qemux86 --enable-targets=all --enable-poison-system-directories --with-mpfr=/home/user/AdaptiveEvalbundle/Applications/Vector-qemux86-sdk/tmp/sysroots/x86_64-linux/usr --with-system-zlib --disable-static --disable-nls --enable-__cxa_atexit]
  ignore line: [Thread model: posix]
  ignore line: [gcc version 5.3.0 (GCC) ]
  ignore line: [COMPILER_PATH=/home/user/AdaptiveEvalbundle/Applications/Vector-qemux86-sdk/tmp/sysroots/x86_64-linux/usr/libexec/i586-poky-linux/gcc/i586-poky-linux/5.3.0/:/home/user/AdaptiveEvalbundle/Applications/Vector-qemux86-sdk/tmp/sysroots/x86_64-linux/usr/libexec/i586-poky-linux/gcc/i586-poky-linux/5.3.0/:/home/user/AdaptiveEvalbundle/Applications/Vector-qemux86-sdk/tmp/sysroots/x86_64-linux/usr/libexec/i586-poky-linux/gcc/i586-poky-linux/:/home/user/AdaptiveEvalbundle/Applications/Vector-qemux86-sdk/tmp/sysroots/x86_64-linux/usr/lib/i586-poky-linux/gcc/i586-poky-linux/5.3.0/:/home/user/AdaptiveEvalbundle/Applications/Vector-qemux86-sdk/tmp/sysroots/x86_64-linux/usr/lib/i586-poky-linux/gcc/i586-poky-linux/]
  ignore line: [LIBRARY_PATH=/home/user/AdaptiveEvalbundle/Applications/Vector-qemux86-sdk/tmp/sysroots/x86_64-linux/usr/lib/i586-poky-linux/gcc/i586-poky-linux/5.3.0/:/home/user/AdaptiveEvalbundle/Applications/Vector-qemux86-sdk/tmp/sysroots/qemux86/lib/../lib/:/home/user/AdaptiveEvalbundle/Applications/Vector-qemux86-sdk/tmp/sysroots/qemux86/usr/lib/../lib/i586-poky-linux/5.3.0/:/home/user/AdaptiveEvalbundle/Applications/Vector-qemux86-sdk/tmp/sysroots/qemux86/usr/lib/i586-poky-linux/5.3.0/:/home/user/AdaptiveEvalbundle/Applications/Vector-qemux86-sdk/tmp/sysroots/qemux86/usr/lib/../lib/:/home/user/AdaptiveEvalbundle/Applications/Vector-qemux86-sdk/tmp/sysroots/qemux86/lib/:/home/user/AdaptiveEvalbundle/Applications/Vector-qemux86-sdk/tmp/sysroots/qemux86/usr/lib/]
  ignore line: [COLLECT_GCC_OPTIONS='--sysroot=/home/user/AdaptiveEvalbundle/Applications/Vector-qemux86-sdk/tmp/sysroots/qemux86' '-m32' '-march=i586' '-O2' '-pipe' '-g' '-feliminate-unused-debug-types' '-v' '-o' 'cmTC_533b6' '-shared-libgcc']
  link line: [ /home/user/AdaptiveEvalbundle/Applications/Vector-qemux86-sdk/tmp/sysroots/x86_64-linux/usr/libexec/i586-poky-linux/gcc/i586-poky-linux/5.3.0/collect2 -plugin /home/user/AdaptiveEvalbundle/Applications/Vector-qemux86-sdk/tmp/sysroots/x86_64-linux/usr/libexec/i586-poky-linux/gcc/i586-poky-linux/5.3.0/liblto_plugin.so -plugin-opt=/home/user/AdaptiveEvalbundle/Applications/Vector-qemux86-sdk/tmp/sysroots/x86_64-linux/usr/libexec/i586-poky-linux/gcc/i586-poky-linux/5.3.0/lto-wrapper -plugin-opt=-fresolution=/tmp/cc86dr4s.res -plugin-opt=-pass-through=-lgcc_s -plugin-opt=-pass-through=-lgcc -plugin-opt=-pass-through=-lc -plugin-opt=-pass-through=-lgcc_s -plugin-opt=-pass-through=-lgcc --sysroot=/home/user/AdaptiveEvalbundle/Applications/Vector-qemux86-sdk/tmp/sysroots/qemux86 --build-id --eh-frame-hdr --hash-style=gnu -m elf_i386 -dynamic-linker /lib/ld-linux.so.2 -o cmTC_533b6 /home/user/AdaptiveEvalbundle/Applications/Vector-qemux86-sdk/tmp/sysroots/qemux86/usr/lib/../lib/crt1.o /home/user/AdaptiveEvalbundle/Applications/Vector-qemux86-sdk/tmp/sysroots/qemux86/usr/lib/../lib/crti.o /home/user/AdaptiveEvalbundle/Applications/Vector-qemux86-sdk/tmp/sysroots/qemux86/usr/lib/../lib/i586-poky-linux/5.3.0/crtbegin.o -L/home/user/AdaptiveEvalbundle/Applications/Vector-qemux86-sdk/tmp/sysroots/x86_64-linux/usr/lib/i586-poky-linux/gcc/i586-poky-linux/5.3.0 -L/home/user/AdaptiveEvalbundle/Applications/Vector-qemux86-sdk/tmp/sysroots/qemux86/lib/../lib -L/home/user/AdaptiveEvalbundle/Applications/Vector-qemux86-sdk/tmp/sysroots/qemux86/usr/lib/../lib/i586-poky-linux/5.3.0 -L/home/user/AdaptiveEvalbundle/Applications/Vector-qemux86-sdk/tmp/sysroots/qemux86/usr/lib/i586-poky-linux/5.3.0 -L/home/user/AdaptiveEvalbundle/Applications/Vector-qemux86-sdk/tmp/sysroots/qemux86/usr/lib/../lib -L/home/user/AdaptiveEvalbundle/Applications/Vector-qemux86-sdk/tmp/sysroots/qemux86/lib -L/home/user/AdaptiveEvalbundle/Applications/Vector-qemux86-sdk/tmp/sysroots/qemux86/usr/lib -O1 --hash-style=gnu --as-needed CMakeFiles/cmTC_533b6.dir/CMakeCXXCompilerABI.cpp.o -lstdc++ -lm -lgcc_s -lgcc -lc -lgcc_s -lgcc /home/user/AdaptiveEvalbundle/Applications/Vector-qemux86-sdk/tmp/sysroots/qemux86/usr/lib/../lib/i586-poky-linux/5.3.0/crtend.o /home/user/AdaptiveEvalbundle/Applications/Vector-qemux86-sdk/tmp/sysroots/qemux86/usr/lib/../lib/crtn.o]
    arg [/home/user/AdaptiveEvalbundle/Applications/Vector-qemux86-sdk/tmp/sysroots/x86_64-linux/usr/libexec/i586-poky-linux/gcc/i586-poky-linux/5.3.0/collect2] ==> ignore
    arg [-plugin] ==> ignore
    arg [/home/user/AdaptiveEvalbundle/Applications/Vector-qemux86-sdk/tmp/sysroots/x86_64-linux/usr/libexec/i586-poky-linux/gcc/i586-poky-linux/5.3.0/liblto_plugin.so] ==> ignore
    arg [-plugin-opt=/home/user/AdaptiveEvalbundle/Applications/Vector-qemux86-sdk/tmp/sysroots/x86_64-linux/usr/libexec/i586-poky-linux/gcc/i586-poky-linux/5.3.0/lto-wrapper] ==> ignore
    arg [-plugin-opt=-fresolution=/tmp/cc86dr4s.res] ==> ignore
    arg [-plugin-opt=-pass-through=-lgcc_s] ==> ignore
    arg [-plugin-opt=-pass-through=-lgcc] ==> ignore
    arg [-plugin-opt=-pass-through=-lc] ==> ignore
    arg [-plugin-opt=-pass-through=-lgcc_s] ==> ignore
    arg [-plugin-opt=-pass-through=-lgcc] ==> ignore
    arg [--sysroot=/home/user/AdaptiveEvalbundle/Applications/Vector-qemux86-sdk/tmp/sysroots/qemux86] ==> ignore
    arg [--build-id] ==> ignore
    arg [--eh-frame-hdr] ==> ignore
    arg [--hash-style=gnu] ==> ignore
    arg [-m] ==> ignore
    arg [elf_i386] ==> ignore
    arg [-dynamic-linker] ==> ignore
    arg [/lib/ld-linux.so.2] ==> ignore
    arg [-o] ==> ignore
    arg [cmTC_533b6] ==> ignore
    arg [/home/user/AdaptiveEvalbundle/Applications/Vector-qemux86-sdk/tmp/sysroots/qemux86/usr/lib/../lib/crt1.o] ==> ignore
    arg [/home/user/AdaptiveEvalbundle/Applications/Vector-qemux86-sdk/tmp/sysroots/qemux86/usr/lib/../lib/crti.o] ==> ignore
    arg [/home/user/AdaptiveEvalbundle/Applications/Vector-qemux86-sdk/tmp/sysroots/qemux86/usr/lib/../lib/i586-poky-linux/5.3.0/crtbegin.o] ==> ignore
    arg [-L/home/user/AdaptiveEvalbundle/Applications/Vector-qemux86-sdk/tmp/sysroots/x86_64-linux/usr/lib/i586-poky-linux/gcc/i586-poky-linux/5.3.0] ==> dir [/home/user/AdaptiveEvalbundle/Applications/Vector-qemux86-sdk/tmp/sysroots/x86_64-linux/usr/lib/i586-poky-linux/gcc/i586-poky-linux/5.3.0]
    arg [-L/home/user/AdaptiveEvalbundle/Applications/Vector-qemux86-sdk/tmp/sysroots/qemux86/lib/../lib] ==> dir [/home/user/AdaptiveEvalbundle/Applications/Vector-qemux86-sdk/tmp/sysroots/qemux86/lib/../lib]
    arg [-L/home/user/AdaptiveEvalbundle/Applications/Vector-qemux86-sdk/tmp/sysroots/qemux86/usr/lib/../lib/i586-poky-linux/5.3.0] ==> dir [/home/user/AdaptiveEvalbundle/Applications/Vector-qemux86-sdk/tmp/sysroots/qemux86/usr/lib/../lib/i586-poky-linux/5.3.0]
    arg [-L/home/user/AdaptiveEvalbundle/Applications/Vector-qemux86-sdk/tmp/sysroots/qemux86/usr/lib/i586-poky-linux/5.3.0] ==> dir [/home/user/AdaptiveEvalbundle/Applications/Vector-qemux86-sdk/tmp/sysroots/qemux86/usr/lib/i586-poky-linux/5.3.0]
    arg [-L/home/user/AdaptiveEvalbundle/Applications/Vector-qemux86-sdk/tmp/sysroots/qemux86/usr/lib/../lib] ==> dir [/home/user/AdaptiveEvalbundle/Applications/Vector-qemux86-sdk/tmp/sysroots/qemux86/usr/lib/../lib]
    arg [-L/home/user/AdaptiveEvalbundle/Applications/Vector-qemux86-sdk/tmp/sysroots/qemux86/lib] ==> dir [/home/user/AdaptiveEvalbundle/Applications/Vector-qemux86-sdk/tmp/sysroots/qemux86/lib]
    arg [-L/home/user/AdaptiveEvalbundle/Applications/Vector-qemux86-sdk/tmp/sysroots/qemux86/usr/lib] ==> dir [/home/user/AdaptiveEvalbundle/Applications/Vector-qemux86-sdk/tmp/sysroots/qemux86/usr/lib]
    arg [-O1] ==> ignore
    arg [--hash-style=gnu] ==> ignore
    arg [--as-needed] ==> ignore
    arg [CMakeFiles/cmTC_533b6.dir/CMakeCXXCompilerABI.cpp.o] ==> ignore
    arg [-lstdc++] ==> lib [stdc++]
    arg [-lm] ==> lib [m]
    arg [-lgcc_s] ==> lib [gcc_s]
    arg [-lgcc] ==> lib [gcc]
    arg [-lc] ==> lib [c]
    arg [-lgcc_s] ==> lib [gcc_s]
    arg [-lgcc] ==> lib [gcc]
    arg [/home/user/AdaptiveEvalbundle/Applications/Vector-qemux86-sdk/tmp/sysroots/qemux86/usr/lib/../lib/i586-poky-linux/5.3.0/crtend.o] ==> ignore
    arg [/home/user/AdaptiveEvalbundle/Applications/Vector-qemux86-sdk/tmp/sysroots/qemux86/usr/lib/../lib/crtn.o] ==> ignore
  remove lib [gcc_s]
  remove lib [gcc]
  remove lib [gcc_s]
  remove lib [gcc]
  collapse library dir [/home/user/AdaptiveEvalbundle/Applications/Vector-qemux86-sdk/tmp/sysroots/x86_64-linux/usr/lib/i586-poky-linux/gcc/i586-poky-linux/5.3.0] ==> [/home/user/AdaptiveEvalbundle/Applications/Vector-qemux86-sdk/tmp/sysroots/x86_64-linux/usr/lib/i586-poky-linux/gcc/i586-poky-linux/5.3.0]
  collapse library dir [/home/user/AdaptiveEvalbundle/Applications/Vector-qemux86-sdk/tmp/sysroots/qemux86/lib/../lib] ==> [/home/user/AdaptiveEvalbundle/Applications/Vector-qemux86-sdk/tmp/sysroots/qemux86/lib]
  collapse library dir [/home/user/AdaptiveEvalbundle/Applications/Vector-qemux86-sdk/tmp/sysroots/qemux86/usr/lib/../lib/i586-poky-linux/5.3.0] ==> [/home/user/AdaptiveEvalbundle/Applications/Vector-qemux86-sdk/tmp/sysroots/qemux86/usr/lib/i586-poky-linux/5.3.0]
  collapse library dir [/home/user/AdaptiveEvalbundle/Applications/Vector-qemux86-sdk/tmp/sysroots/qemux86/usr/lib/i586-poky-linux/5.3.0] ==> [/home/user/AdaptiveEvalbundle/Applications/Vector-qemux86-sdk/tmp/sysroots/qemux86/usr/lib/i586-poky-linux/5.3.0]
  collapse library dir [/home/user/AdaptiveEvalbundle/Applications/Vector-qemux86-sdk/tmp/sysroots/qemux86/usr/lib/../lib] ==> [/home/user/AdaptiveEvalbundle/Applications/Vector-qemux86-sdk/tmp/sysroots/qemux86/usr/lib]
  collapse library dir [/home/user/AdaptiveEvalbundle/Applications/Vector-qemux86-sdk/tmp/sysroots/qemux86/lib] ==> [/home/user/AdaptiveEvalbundle/Applications/Vector-qemux86-sdk/tmp/sysroots/qemux86/lib]
  collapse library dir [/home/user/AdaptiveEvalbundle/Applications/Vector-qemux86-sdk/tmp/sysroots/qemux86/usr/lib] ==> [/home/user/AdaptiveEvalbundle/Applications/Vector-qemux86-sdk/tmp/sysroots/qemux86/usr/lib]
  implicit libs: [stdc++;m;c]
  implicit dirs: [/home/user/AdaptiveEvalbundle/Applications/Vector-qemux86-sdk/tmp/sysroots/x86_64-linux/usr/lib/i586-poky-linux/gcc/i586-poky-linux/5.3.0;/home/user/AdaptiveEvalbundle/Applications/Vector-qemux86-sdk/tmp/sysroots/qemux86/lib;/home/user/AdaptiveEvalbundle/Applications/Vector-qemux86-sdk/tmp/sysroots/qemux86/usr/lib/i586-poky-linux/5.3.0;/home/user/AdaptiveEvalbundle/Applications/Vector-qemux86-sdk/tmp/sysroots/qemux86/usr/lib]
  implicit fwks: []




Detecting CXX [-std=c++14] compiler features compiled with the following output:
Change Dir: /home/user/AdaptiveEvalbundle/BSW/libper/CMakeFiles/CMakeTmp

Run Build Command:"/usr/bin/make" "cmTC_80600/fast"
/usr/bin/make -f CMakeFiles/cmTC_80600.dir/build.make CMakeFiles/cmTC_80600.dir/build
make[1]: Entering directory '/home/user/AdaptiveEvalbundle/BSW/libper/CMakeFiles/CMakeTmp'
Building CXX object CMakeFiles/cmTC_80600.dir/feature_tests.cxx.o
/home/user/AdaptiveEvalbundle/Applications/Vector-qemux86-sdk/tmp/sysroots/x86_64-linux/usr/bin/i586-poky-linux/i586-poky-linux-g++   -m32 -march=i586 --sysroot=/home/user/AdaptiveEvalbundle/Applications/Vector-qemux86-sdk/tmp/sysroots/qemux86    -O2 -pipe -g -feliminate-unused-debug-types      -std=c++14 -o CMakeFiles/cmTC_80600.dir/feature_tests.cxx.o -c /home/user/AdaptiveEvalbundle/BSW/libper/CMakeFiles/feature_tests.cxx
Linking CXX executable cmTC_80600
/usr/bin/cmake -E cmake_link_script CMakeFiles/cmTC_80600.dir/link.txt --verbose=1
/home/user/AdaptiveEvalbundle/Applications/Vector-qemux86-sdk/tmp/sysroots/x86_64-linux/usr/bin/i586-poky-linux/i586-poky-linux-g++   -m32 -march=i586 --sysroot=/home/user/AdaptiveEvalbundle/Applications/Vector-qemux86-sdk/tmp/sysroots/qemux86   -O2 -pipe -g -feliminate-unused-debug-types      -Wl,-O1 -Wl,--hash-style=gnu -Wl,--as-needed  CMakeFiles/cmTC_80600.dir/feature_tests.cxx.o  -o cmTC_80600 
make[1]: Leaving directory '/home/user/AdaptiveEvalbundle/BSW/libper/CMakeFiles/CMakeTmp'


    Feature record: CXX_FEATURE:1cxx_aggregate_default_initializers
    Feature record: CXX_FEATURE:1cxx_alias_templates
    Feature record: CXX_FEATURE:1cxx_alignas
    Feature record: CXX_FEATURE:1cxx_alignof
    Feature record: CXX_FEATURE:1cxx_attributes
    Feature record: CXX_FEATURE:1cxx_attribute_deprecated
    Feature record: CXX_FEATURE:1cxx_auto_type
    Feature record: CXX_FEATURE:1cxx_binary_literals
    Feature record: CXX_FEATURE:1cxx_constexpr
    Feature record: CXX_FEATURE:1cxx_contextual_conversions
    Feature record: CXX_FEATURE:1cxx_decltype
    Feature record: CXX_FEATURE:1cxx_decltype_auto
    Feature record: CXX_FEATURE:1cxx_decltype_incomplete_return_types
    Feature record: CXX_FEATURE:1cxx_default_function_template_args
    Feature record: CXX_FEATURE:1cxx_defaulted_functions
    Feature record: CXX_FEATURE:1cxx_defaulted_move_initializers
    Feature record: CXX_FEATURE:1cxx_delegating_constructors
    Feature record: CXX_FEATURE:1cxx_deleted_functions
    Feature record: CXX_FEATURE:1cxx_digit_separators
    Feature record: CXX_FEATURE:1cxx_enum_forward_declarations
    Feature record: CXX_FEATURE:1cxx_explicit_conversions
    Feature record: CXX_FEATURE:1cxx_extended_friend_declarations
    Feature record: CXX_FEATURE:1cxx_extern_templates
    Feature record: CXX_FEATURE:1cxx_final
    Feature record: CXX_FEATURE:1cxx_func_identifier
    Feature record: CXX_FEATURE:1cxx_generalized_initializers
    Feature record: CXX_FEATURE:1cxx_generic_lambdas
    Feature record: CXX_FEATURE:1cxx_inheriting_constructors
    Feature record: CXX_FEATURE:1cxx_inline_namespaces
    Feature record: CXX_FEATURE:1cxx_lambdas
    Feature record: CXX_FEATURE:1cxx_lambda_init_captures
    Feature record: CXX_FEATURE:1cxx_local_type_template_args
    Feature record: CXX_FEATURE:1cxx_long_long_type
    Feature record: CXX_FEATURE:1cxx_noexcept
    Feature record: CXX_FEATURE:1cxx_nonstatic_member_init
    Feature record: CXX_FEATURE:1cxx_nullptr
    Feature record: CXX_FEATURE:1cxx_override
    Feature record: CXX_FEATURE:1cxx_range_for
    Feature record: CXX_FEATURE:1cxx_raw_string_literals
    Feature record: CXX_FEATURE:1cxx_reference_qualified_functions
    Feature record: CXX_FEATURE:1cxx_relaxed_constexpr
    Feature record: CXX_FEATURE:1cxx_return_type_deduction
    Feature record: CXX_FEATURE:1cxx_right_angle_brackets
    Feature record: CXX_FEATURE:1cxx_rvalue_references
    Feature record: CXX_FEATURE:1cxx_sizeof_member
    Feature record: CXX_FEATURE:1cxx_static_assert
    Feature record: CXX_FEATURE:1cxx_strong_enums
    Feature record: CXX_FEATURE:1cxx_template_template_parameters
    Feature record: CXX_FEATURE:1cxx_thread_local
    Feature record: CXX_FEATURE:1cxx_trailing_return_types
    Feature record: CXX_FEATURE:1cxx_unicode_literals
    Feature record: CXX_FEATURE:1cxx_uniform_initialization
    Feature record: CXX_FEATURE:1cxx_unrestricted_unions
    Feature record: CXX_FEATURE:1cxx_user_literals
    Feature record: CXX_FEATURE:1cxx_variable_templates
    Feature record: CXX_FEATURE:1cxx_variadic_macros
    Feature record: CXX_FEATURE:1cxx_variadic_templates


Detecting CXX [-std=c++11] compiler features compiled with the following output:
Change Dir: /home/user/AdaptiveEvalbundle/BSW/libper/CMakeFiles/CMakeTmp

Run Build Command:"/usr/bin/make" "cmTC_f82e7/fast"
/usr/bin/make -f CMakeFiles/cmTC_f82e7.dir/build.make CMakeFiles/cmTC_f82e7.dir/build
make[1]: Entering directory '/home/user/AdaptiveEvalbundle/BSW/libper/CMakeFiles/CMakeTmp'
Building CXX object CMakeFiles/cmTC_f82e7.dir/feature_tests.cxx.o
/home/user/AdaptiveEvalbundle/Applications/Vector-qemux86-sdk/tmp/sysroots/x86_64-linux/usr/bin/i586-poky-linux/i586-poky-linux-g++   -m32 -march=i586 --sysroot=/home/user/AdaptiveEvalbundle/Applications/Vector-qemux86-sdk/tmp/sysroots/qemux86    -O2 -pipe -g -feliminate-unused-debug-types      -std=c++11 -o CMakeFiles/cmTC_f82e7.dir/feature_tests.cxx.o -c /home/user/AdaptiveEvalbundle/BSW/libper/CMakeFiles/feature_tests.cxx
Linking CXX executable cmTC_f82e7
/usr/bin/cmake -E cmake_link_script CMakeFiles/cmTC_f82e7.dir/link.txt --verbose=1
/home/user/AdaptiveEvalbundle/Applications/Vector-qemux86-sdk/tmp/sysroots/x86_64-linux/usr/bin/i586-poky-linux/i586-poky-linux-g++   -m32 -march=i586 --sysroot=/home/user/AdaptiveEvalbundle/Applications/Vector-qemux86-sdk/tmp/sysroots/qemux86   -O2 -pipe -g -feliminate-unused-debug-types      -Wl,-O1 -Wl,--hash-style=gnu -Wl,--as-needed  CMakeFiles/cmTC_f82e7.dir/feature_tests.cxx.o  -o cmTC_f82e7 
make[1]: Leaving directory '/home/user/AdaptiveEvalbundle/BSW/libper/CMakeFiles/CMakeTmp'


    Feature record: CXX_FEATURE:0cxx_aggregate_default_initializers
    Feature record: CXX_FEATURE:1cxx_alias_templates
    Feature record: CXX_FEATURE:1cxx_alignas
    Feature record: CXX_FEATURE:1cxx_alignof
    Feature record: CXX_FEATURE:1cxx_attributes
    Feature record: CXX_FEATURE:0cxx_attribute_deprecated
    Feature record: CXX_FEATURE:1cxx_auto_type
    Feature record: CXX_FEATURE:0cxx_binary_literals
    Feature record: CXX_FEATURE:1cxx_constexpr
    Feature record: CXX_FEATURE:0cxx_contextual_conversions
    Feature record: CXX_FEATURE:1cxx_decltype
    Feature record: CXX_FEATURE:0cxx_decltype_auto
    Feature record: CXX_FEATURE:1cxx_decltype_incomplete_return_types
    Feature record: CXX_FEATURE:1cxx_default_function_template_args
    Feature record: CXX_FEATURE:1cxx_defaulted_functions
    Feature record: CXX_FEATURE:1cxx_defaulted_move_initializers
    Feature record: CXX_FEATURE:1cxx_delegating_constructors
    Feature record: CXX_FEATURE:1cxx_deleted_functions
    Feature record: CXX_FEATURE:0cxx_digit_separators
    Feature record: CXX_FEATURE:1cxx_enum_forward_declarations
    Feature record: CXX_FEATURE:1cxx_explicit_conversions
    Feature record: CXX_FEATURE:1cxx_extended_friend_declarations
    Feature record: CXX_FEATURE:1cxx_extern_templates
    Feature record: CXX_FEATURE:1cxx_final
    Feature record: CXX_FEATURE:1cxx_func_identifier
    Feature record: CXX_FEATURE:1cxx_generalized_initializers
    Feature record: CXX_FEATURE:0cxx_generic_lambdas
    Feature record: CXX_FEATURE:1cxx_inheriting_constructors
    Feature record: CXX_FEATURE:1cxx_inline_namespaces
    Feature record: CXX_FEATURE:1cxx_lambdas
    Feature record: CXX_FEATURE:0cxx_lambda_init_captures
    Feature record: CXX_FEATURE:1cxx_local_type_template_args
    Feature record: CXX_FEATURE:1cxx_long_long_type
    Feature record: CXX_FEATURE:1cxx_noexcept
    Feature record: CXX_FEATURE:1cxx_nonstatic_member_init
    Feature record: CXX_FEATURE:1cxx_nullptr
    Feature record: CXX_FEATURE:1cxx_override
    Feature record: CXX_FEATURE:1cxx_range_for
    Feature record: CXX_FEATURE:1cxx_raw_string_literals
    Feature record: CXX_FEATURE:1cxx_reference_qualified_functions
    Feature record: CXX_FEATURE:0cxx_relaxed_constexpr
    Feature record: CXX_FEATURE:0cxx_return_type_deduction
    Feature record: CXX_FEATURE:1cxx_right_angle_brackets
    Feature record: CXX_FEATURE:1cxx_rvalue_references
    Feature record: CXX_FEATURE:1cxx_sizeof_member
    Feature record: CXX_FEATURE:1cxx_static_assert
    Feature record: CXX_FEATURE:1cxx_strong_enums
    Feature record: CXX_FEATURE:1cxx_template_template_parameters
    Feature record: CXX_FEATURE:1cxx_thread_local
    Feature record: CXX_FEATURE:1cxx_trailing_return_types
    Feature record: CXX_FEATURE:1cxx_unicode_literals
    Feature record: CXX_FEATURE:1cxx_uniform_initialization
    Feature record: CXX_FEATURE:1cxx_unrestricted_unions
    Feature record: CXX_FEATURE:1cxx_user_literals
    Feature record: CXX_FEATURE:0cxx_variable_templates
    Feature record: CXX_FEATURE:1cxx_variadic_macros
    Feature record: CXX_FEATURE:1cxx_variadic_templates


Detecting CXX [-std=c++98] compiler features compiled with the following output:
Change Dir: /home/user/AdaptiveEvalbundle/BSW/libper/CMakeFiles/CMakeTmp

Run Build Command:"/usr/bin/make" "cmTC_09b8a/fast"
/usr/bin/make -f CMakeFiles/cmTC_09b8a.dir/build.make CMakeFiles/cmTC_09b8a.dir/build
make[1]: Entering directory '/home/user/AdaptiveEvalbundle/BSW/libper/CMakeFiles/CMakeTmp'
Building CXX object CMakeFiles/cmTC_09b8a.dir/feature_tests.cxx.o
/home/user/AdaptiveEvalbundle/Applications/Vector-qemux86-sdk/tmp/sysroots/x86_64-linux/usr/bin/i586-poky-linux/i586-poky-linux-g++   -m32 -march=i586 --sysroot=/home/user/AdaptiveEvalbundle/Applications/Vector-qemux86-sdk/tmp/sysroots/qemux86    -O2 -pipe -g -feliminate-unused-debug-types      -std=c++98 -o CMakeFiles/cmTC_09b8a.dir/feature_tests.cxx.o -c /home/user/AdaptiveEvalbundle/BSW/libper/CMakeFiles/feature_tests.cxx
Linking CXX executable cmTC_09b8a
/usr/bin/cmake -E cmake_link_script CMakeFiles/cmTC_09b8a.dir/link.txt --verbose=1
/home/user/AdaptiveEvalbundle/Applications/Vector-qemux86-sdk/tmp/sysroots/x86_64-linux/usr/bin/i586-poky-linux/i586-poky-linux-g++   -m32 -march=i586 --sysroot=/home/user/AdaptiveEvalbundle/Applications/Vector-qemux86-sdk/tmp/sysroots/qemux86   -O2 -pipe -g -feliminate-unused-debug-types      -Wl,-O1 -Wl,--hash-style=gnu -Wl,--as-needed  CMakeFiles/cmTC_09b8a.dir/feature_tests.cxx.o  -o cmTC_09b8a 
make[1]: Leaving directory '/home/user/AdaptiveEvalbundle/BSW/libper/CMakeFiles/CMakeTmp'


    Feature record: CXX_FEATURE:0cxx_aggregate_default_initializers
    Feature record: CXX_FEATURE:0cxx_alias_templates
    Feature record: CXX_FEATURE:0cxx_alignas
    Feature record: CXX_FEATURE:0cxx_alignof
    Feature record: CXX_FEATURE:0cxx_attributes
    Feature record: CXX_FEATURE:0cxx_attribute_deprecated
    Feature record: CXX_FEATURE:0cxx_auto_type
    Feature record: CXX_FEATURE:0cxx_binary_literals
    Feature record: CXX_FEATURE:0cxx_constexpr
    Feature record: CXX_FEATURE:0cxx_contextual_conversions
    Feature record: CXX_FEATURE:0cxx_decltype
    Feature record: CXX_FEATURE:0cxx_decltype_auto
    Feature record: CXX_FEATURE:0cxx_decltype_incomplete_return_types
    Feature record: CXX_FEATURE:0cxx_default_function_template_args
    Feature record: CXX_FEATURE:0cxx_defaulted_functions
    Feature record: CXX_FEATURE:0cxx_defaulted_move_initializers
    Feature record: CXX_FEATURE:0cxx_delegating_constructors
    Feature record: CXX_FEATURE:0cxx_deleted_functions
    Feature record: CXX_FEATURE:0cxx_digit_separators
    Feature record: CXX_FEATURE:0cxx_enum_forward_declarations
    Feature record: CXX_FEATURE:0cxx_explicit_conversions
    Feature record: CXX_FEATURE:0cxx_extended_friend_declarations
    Feature record: CXX_FEATURE:0cxx_extern_templates
    Feature record: CXX_FEATURE:0cxx_final
    Feature record: CXX_FEATURE:0cxx_func_identifier
    Feature record: CXX_FEATURE:0cxx_generalized_initializers
    Feature record: CXX_FEATURE:0cxx_generic_lambdas
    Feature record: CXX_FEATURE:0cxx_inheriting_constructors
    Feature record: CXX_FEATURE:0cxx_inline_namespaces
    Feature record: CXX_FEATURE:0cxx_lambdas
    Feature record: CXX_FEATURE:0cxx_lambda_init_captures
    Feature record: CXX_FEATURE:0cxx_local_type_template_args
    Feature record: CXX_FEATURE:0cxx_long_long_type
    Feature record: CXX_FEATURE:0cxx_noexcept
    Feature record: CXX_FEATURE:0cxx_nonstatic_member_init
    Feature record: CXX_FEATURE:0cxx_nullptr
    Feature record: CXX_FEATURE:0cxx_override
    Feature record: CXX_FEATURE:0cxx_range_for
    Feature record: CXX_FEATURE:0cxx_raw_string_literals
    Feature record: CXX_FEATURE:0cxx_reference_qualified_functions
    Feature record: CXX_FEATURE:0cxx_relaxed_constexpr
    Feature record: CXX_FEATURE:0cxx_return_type_deduction
    Feature record: CXX_FEATURE:0cxx_right_angle_brackets
    Feature record: CXX_FEATURE:0cxx_rvalue_references
    Feature record: CXX_FEATURE:0cxx_sizeof_member
    Feature record: CXX_FEATURE:0cxx_static_assert
    Feature record: CXX_FEATURE:0cxx_strong_enums
    Feature record: CXX_FEATURE:1cxx_template_template_parameters
    Feature record: CXX_FEATURE:0cxx_thread_local
    Feature record: CXX_FEATURE:0cxx_trailing_return_types
    Feature record: CXX_FEATURE:0cxx_unicode_literals
    Feature record: CXX_FEATURE:0cxx_uniform_initialization
    Feature record: CXX_FEATURE:0cxx_unrestricted_unions
    Feature record: CXX_FEATURE:0cxx_user_literals
    Feature record: CXX_FEATURE:0cxx_variable_templates
    Feature record: CXX_FEATURE:0cxx_variadic_macros
    Feature record: CXX_FEATURE:0cxx_variadic_templates
